2013-06-18 09:10:23 Error: [MissingControllerException] Controller class Favicon.icoController could not be found.
Exception Attributes: array (
  'class' => 'Favicon.icoController',
  'plugin' => NULL,
)
Request URL: /cake2/public/favicon.ico
Stack Trace:
#0 C:\xampp\htdocs\cake2\public\index.php(67): Dispatcher->dispatch(Object(CakeRequest), Object(CakeResponse))
#1 {main}
2013-06-18 09:10:23 Error: [MissingControllerException] Controller class Favicon.icoController could not be found.
Exception Attributes: array (
  'class' => 'Favicon.icoController',
  'plugin' => NULL,
)
Request URL: /cake2/public/favicon.ico
Stack Trace:
#0 C:\xampp\htdocs\cake2\public\index.php(67): Dispatcher->dispatch(Object(CakeRequest), Object(CakeResponse))
#1 {main}
2013-06-18 09:10:23 Error: [MissingControllerException] Controller class Favicon.icoController could not be found.
Exception Attributes: array (
  'class' => 'Favicon.icoController',
  'plugin' => NULL,
)
Request URL: /cake2/public/favicon.ico
Stack Trace:
#0 C:\xampp\htdocs\cake2\public\index.php(67): Dispatcher->dispatch(Object(CakeRequest), Object(CakeResponse))
#1 {main}
2013-06-18 09:10:24 Error: [MissingControllerException] Controller class Favicon.icoController could not be found.
Exception Attributes: array (
  'class' => 'Favicon.icoController',
  'plugin' => NULL,
)
Request URL: /cake2/public/favicon.ico
Stack Trace:
#0 C:\xampp\htdocs\cake2\public\index.php(67): Dispatcher->dispatch(Object(CakeRequest), Object(CakeResponse))
#1 {main}
2013-06-18 13:23:27 Error: [MissingControllerException] Controller class TasksController could not be found.
Exception Attributes: array (
  'class' => 'TasksController',
  'plugin' => NULL,
)
Request URL: /cake2/public/Tasks
Stack Trace:
#0 C:\xampp\htdocs\cake2\public\index.php(67): Dispatcher->dispatch(Object(CakeRequest), Object(CakeResponse))
#1 {main}
2013-06-18 13:23:33 Error: [MissingControllerException] Controller class CrmController could not be found.
Exception Attributes: array (
  'class' => 'CrmController',
  'plugin' => NULL,
)
Request URL: /cake2/public/Crm/Tasks
Stack Trace:
#0 C:\xampp\htdocs\cake2\public\index.php(67): Dispatcher->dispatch(Object(CakeRequest), Object(CakeResponse))
#1 {main}
2013-06-18 13:26:38 Error: [MissingControllerException] Controller class CrmController could not be found.
Exception Attributes: array (
  'class' => 'CrmController',
  'plugin' => NULL,
)
Request URL: /cake2/public/Crm/Tasks
Stack Trace:
#0 C:\xampp\htdocs\cake2\public\index.php(67): Dispatcher->dispatch(Object(CakeRequest), Object(CakeResponse))
#1 {main}
2013-06-18 13:26:40 Error: [MissingControllerException] Controller class CrmController could not be found.
Exception Attributes: array (
  'class' => 'CrmController',
  'plugin' => NULL,
)
Request URL: /cake2/public/Crm/Tasks
Stack Trace:
#0 C:\xampp\htdocs\cake2\public\index.php(67): Dispatcher->dispatch(Object(CakeRequest), Object(CakeResponse))
#1 {main}
2013-06-18 13:26:40 Error: [MissingControllerException] Controller class CrmController could not be found.
Exception Attributes: array (
  'class' => 'CrmController',
  'plugin' => NULL,
)
Request URL: /cake2/public/Crm/Tasks
Stack Trace:
#0 C:\xampp\htdocs\cake2\public\index.php(67): Dispatcher->dispatch(Object(CakeRequest), Object(CakeResponse))
#1 {main}
2013-06-18 13:26:40 Error: [MissingControllerException] Controller class CrmController could not be found.
Exception Attributes: array (
  'class' => 'CrmController',
  'plugin' => NULL,
)
Request URL: /cake2/public/Crm/Tasks
Stack Trace:
#0 C:\xampp\htdocs\cake2\public\index.php(67): Dispatcher->dispatch(Object(CakeRequest), Object(CakeResponse))
#1 {main}
2013-06-18 13:26:40 Error: [MissingControllerException] Controller class CrmController could not be found.
Exception Attributes: array (
  'class' => 'CrmController',
  'plugin' => NULL,
)
Request URL: /cake2/public/Crm/Tasks
Stack Trace:
#0 C:\xampp\htdocs\cake2\public\index.php(67): Dispatcher->dispatch(Object(CakeRequest), Object(CakeResponse))
#1 {main}
2013-06-18 13:26:40 Error: [MissingControllerException] Controller class CrmController could not be found.
Exception Attributes: array (
  'class' => 'CrmController',
  'plugin' => NULL,
)
Request URL: /cake2/public/Crm/Tasks
Stack Trace:
#0 C:\xampp\htdocs\cake2\public\index.php(67): Dispatcher->dispatch(Object(CakeRequest), Object(CakeResponse))
#1 {main}
2013-06-18 13:26:44 Error: [MissingControllerException] Controller class CrmController could not be found.
Exception Attributes: array (
  'class' => 'CrmController',
  'plugin' => NULL,
)
Request URL: /cake2/public/Crm/Tasks/index
Stack Trace:
#0 C:\xampp\htdocs\cake2\public\index.php(67): Dispatcher->dispatch(Object(CakeRequest), Object(CakeResponse))
#1 {main}
2013-06-18 13:27:10 Error: [MissingControllerException] Controller class CrmController could not be found.
Exception Attributes: array (
  'class' => 'CrmController',
  'plugin' => NULL,
)
Request URL: /cake2/public/Crm/Tasks/index
Stack Trace:
#0 C:\xampp\htdocs\cake2\public\index.php(67): Dispatcher->dispatch(Object(CakeRequest), Object(CakeResponse))
#1 {main}
2013-06-18 13:27:11 Error: [MissingControllerException] Controller class CrmController could not be found.
Exception Attributes: array (
  'class' => 'CrmController',
  'plugin' => NULL,
)
Request URL: /cake2/public/Crm/Tasks/index
Stack Trace:
#0 C:\xampp\htdocs\cake2\public\index.php(67): Dispatcher->dispatch(Object(CakeRequest), Object(CakeResponse))
#1 {main}
2013-06-18 13:27:11 Error: [MissingControllerException] Controller class CrmController could not be found.
Exception Attributes: array (
  'class' => 'CrmController',
  'plugin' => NULL,
)
Request URL: /cake2/public/Crm/Tasks/index
Stack Trace:
#0 C:\xampp\htdocs\cake2\public\index.php(67): Dispatcher->dispatch(Object(CakeRequest), Object(CakeResponse))
#1 {main}
2013-06-18 13:27:11 Error: [MissingControllerException] Controller class CrmController could not be found.
Exception Attributes: array (
  'class' => 'CrmController',
  'plugin' => NULL,
)
Request URL: /cake2/public/Crm/Tasks/index
Stack Trace:
#0 C:\xampp\htdocs\cake2\public\index.php(67): Dispatcher->dispatch(Object(CakeRequest), Object(CakeResponse))
#1 {main}
2013-06-18 13:27:11 Error: [MissingControllerException] Controller class CrmController could not be found.
Exception Attributes: array (
  'class' => 'CrmController',
  'plugin' => NULL,
)
Request URL: /cake2/public/Crm/Tasks/index
Stack Trace:
#0 C:\xampp\htdocs\cake2\public\index.php(67): Dispatcher->dispatch(Object(CakeRequest), Object(CakeResponse))
#1 {main}
2013-06-18 13:27:11 Error: [MissingControllerException] Controller class CrmController could not be found.
Exception Attributes: array (
  'class' => 'CrmController',
  'plugin' => NULL,
)
Request URL: /cake2/public/Crm/Tasks/index
Stack Trace:
#0 C:\xampp\htdocs\cake2\public\index.php(67): Dispatcher->dispatch(Object(CakeRequest), Object(CakeResponse))
#1 {main}
2013-06-18 13:27:11 Error: [MissingControllerException] Controller class CrmController could not be found.
Exception Attributes: array (
  'class' => 'CrmController',
  'plugin' => NULL,
)
Request URL: /cake2/public/Crm/Tasks/index
Stack Trace:
#0 C:\xampp\htdocs\cake2\public\index.php(67): Dispatcher->dispatch(Object(CakeRequest), Object(CakeResponse))
#1 {main}
2013-06-18 13:27:12 Error: [MissingControllerException] Controller class CrmController could not be found.
Exception Attributes: array (
  'class' => 'CrmController',
  'plugin' => NULL,
)
Request URL: /cake2/public/Crm/Tasks/index
Stack Trace:
#0 C:\xampp\htdocs\cake2\public\index.php(67): Dispatcher->dispatch(Object(CakeRequest), Object(CakeResponse))
#1 {main}
2013-06-18 13:27:15 Error: [MissingControllerException] Controller class CrmController could not be found.
Exception Attributes: array (
  'class' => 'CrmController',
  'plugin' => NULL,
)
Request URL: /cake2/public/Crm/Tasks/index
Stack Trace:
#0 C:\xampp\htdocs\cake2\public\index.php(67): Dispatcher->dispatch(Object(CakeRequest), Object(CakeResponse))
#1 {main}
2013-06-18 13:27:21 Error: [MissingControllerException] Controller class CrmController could not be found.
Exception Attributes: array (
  'class' => 'CrmController',
  'plugin' => NULL,
)
Request URL: /cake2/public/Crm/Tasks/index
Stack Trace:
#0 C:\xampp\htdocs\cake2\public\index.php(67): Dispatcher->dispatch(Object(CakeRequest), Object(CakeResponse))
#1 {main}
2013-06-18 13:27:21 Error: [MissingControllerException] Controller class CrmController could not be found.
Exception Attributes: array (
  'class' => 'CrmController',
  'plugin' => NULL,
)
Request URL: /cake2/public/Crm/Tasks/index
Stack Trace:
#0 C:\xampp\htdocs\cake2\public\index.php(67): Dispatcher->dispatch(Object(CakeRequest), Object(CakeResponse))
#1 {main}
2013-06-18 13:27:21 Error: [MissingControllerException] Controller class CrmController could not be found.
Exception Attributes: array (
  'class' => 'CrmController',
  'plugin' => NULL,
)
Request URL: /cake2/public/Crm/Tasks/index
Stack Trace:
#0 C:\xampp\htdocs\cake2\public\index.php(67): Dispatcher->dispatch(Object(CakeRequest), Object(CakeResponse))
#1 {main}
2013-06-18 13:27:22 Error: [MissingControllerException] Controller class CrmController could not be found.
Exception Attributes: array (
  'class' => 'CrmController',
  'plugin' => NULL,
)
Request URL: /cake2/public/Crm/Tasks/index
Stack Trace:
#0 C:\xampp\htdocs\cake2\public\index.php(67): Dispatcher->dispatch(Object(CakeRequest), Object(CakeResponse))
#1 {main}
2013-06-18 13:27:22 Error: [MissingControllerException] Controller class CrmController could not be found.
Exception Attributes: array (
  'class' => 'CrmController',
  'plugin' => NULL,
)
Request URL: /cake2/public/Crm/Tasks/index
Stack Trace:
#0 C:\xampp\htdocs\cake2\public\index.php(67): Dispatcher->dispatch(Object(CakeRequest), Object(CakeResponse))
#1 {main}
2013-06-18 13:27:48 Error: [MissingControllerException] Controller class CrmController could not be found.
Exception Attributes: array (
  'class' => 'CrmController',
  'plugin' => NULL,
)
Request URL: /cake2/public/Crm/Tasks/index
Stack Trace:
#0 C:\xampp\htdocs\cake2\public\index.php(67): Dispatcher->dispatch(Object(CakeRequest), Object(CakeResponse))
#1 {main}
2013-06-18 13:29:03 Error: [MissingControllerException] Controller class CrmController could not be found.
Exception Attributes: array (
  'class' => 'CrmController',
  'plugin' => NULL,
)
Request URL: /cake2/public/Crm/Tasks/index
Stack Trace:
#0 C:\xampp\htdocs\cake2\public\index.php(67): Dispatcher->dispatch(Object(CakeRequest), Object(CakeResponse))
#1 {main}
2013-06-18 13:29:04 Error: [MissingControllerException] Controller class CrmController could not be found.
Exception Attributes: array (
  'class' => 'CrmController',
  'plugin' => NULL,
)
Request URL: /cake2/public/Crm/Tasks/index
Stack Trace:
#0 C:\xampp\htdocs\cake2\public\index.php(67): Dispatcher->dispatch(Object(CakeRequest), Object(CakeResponse))
#1 {main}
2013-06-18 13:29:04 Error: [MissingControllerException] Controller class CrmController could not be found.
Exception Attributes: array (
  'class' => 'CrmController',
  'plugin' => NULL,
)
Request URL: /cake2/public/Crm/Tasks/index
Stack Trace:
#0 C:\xampp\htdocs\cake2\public\index.php(67): Dispatcher->dispatch(Object(CakeRequest), Object(CakeResponse))
#1 {main}
2013-06-18 13:29:04 Error: [MissingControllerException] Controller class CrmController could not be found.
Exception Attributes: array (
  'class' => 'CrmController',
  'plugin' => NULL,
)
Request URL: /cake2/public/Crm/Tasks/index
Stack Trace:
#0 C:\xampp\htdocs\cake2\public\index.php(67): Dispatcher->dispatch(Object(CakeRequest), Object(CakeResponse))
#1 {main}
2013-06-18 13:29:04 Error: [MissingControllerException] Controller class CrmController could not be found.
Exception Attributes: array (
  'class' => 'CrmController',
  'plugin' => NULL,
)
Request URL: /cake2/public/Crm/Tasks/index
Stack Trace:
#0 C:\xampp\htdocs\cake2\public\index.php(67): Dispatcher->dispatch(Object(CakeRequest), Object(CakeResponse))
#1 {main}
2013-06-18 13:29:04 Error: [MissingControllerException] Controller class CrmController could not be found.
Exception Attributes: array (
  'class' => 'CrmController',
  'plugin' => NULL,
)
Request URL: /cake2/public/Crm/Tasks/index
Stack Trace:
#0 C:\xampp\htdocs\cake2\public\index.php(67): Dispatcher->dispatch(Object(CakeRequest), Object(CakeResponse))
#1 {main}
2013-06-18 13:29:04 Error: [MissingControllerException] Controller class CrmController could not be found.
Exception Attributes: array (
  'class' => 'CrmController',
  'plugin' => NULL,
)
Request URL: /cake2/public/Crm/Tasks/index
Stack Trace:
#0 C:\xampp\htdocs\cake2\public\index.php(67): Dispatcher->dispatch(Object(CakeRequest), Object(CakeResponse))
#1 {main}
2013-06-18 13:29:05 Error: [MissingControllerException] Controller class CrmController could not be found.
Exception Attributes: array (
  'class' => 'CrmController',
  'plugin' => NULL,
)
Request URL: /cake2/public/Crm/Tasks/index
Stack Trace:
#0 C:\xampp\htdocs\cake2\public\index.php(67): Dispatcher->dispatch(Object(CakeRequest), Object(CakeResponse))
#1 {main}
2013-06-18 13:30:46 Error: [MissingControllerException] Controller class CrmController could not be found.
Exception Attributes: array (
  'class' => 'CrmController',
  'plugin' => NULL,
)
Request URL: /cake2/public/Crm/Tasks/index
Stack Trace:
#0 C:\xampp\htdocs\cake2\public\index.php(67): Dispatcher->dispatch(Object(CakeRequest), Object(CakeResponse))
#1 {main}
2013-06-18 13:30:47 Error: [MissingControllerException] Controller class CrmController could not be found.
Exception Attributes: array (
  'class' => 'CrmController',
  'plugin' => NULL,
)
Request URL: /cake2/public/Crm/Tasks/index
Stack Trace:
#0 C:\xampp\htdocs\cake2\public\index.php(67): Dispatcher->dispatch(Object(CakeRequest), Object(CakeResponse))
#1 {main}
2013-06-18 13:30:47 Error: [MissingControllerException] Controller class CrmController could not be found.
Exception Attributes: array (
  'class' => 'CrmController',
  'plugin' => NULL,
)
Request URL: /cake2/public/Crm/Tasks/index
Stack Trace:
#0 C:\xampp\htdocs\cake2\public\index.php(67): Dispatcher->dispatch(Object(CakeRequest), Object(CakeResponse))
#1 {main}
2013-06-18 13:30:47 Error: [MissingControllerException] Controller class CrmController could not be found.
Exception Attributes: array (
  'class' => 'CrmController',
  'plugin' => NULL,
)
Request URL: /cake2/public/Crm/Tasks/index
Stack Trace:
#0 C:\xampp\htdocs\cake2\public\index.php(67): Dispatcher->dispatch(Object(CakeRequest), Object(CakeResponse))
#1 {main}
2013-06-18 13:30:48 Error: [MissingControllerException] Controller class CrmController could not be found.
Exception Attributes: array (
  'class' => 'CrmController',
  'plugin' => NULL,
)
Request URL: /cake2/public/Crm/Tasks/index
Stack Trace:
#0 C:\xampp\htdocs\cake2\public\index.php(67): Dispatcher->dispatch(Object(CakeRequest), Object(CakeResponse))
#1 {main}
2013-06-18 13:30:48 Error: [MissingControllerException] Controller class CrmController could not be found.
Exception Attributes: array (
  'class' => 'CrmController',
  'plugin' => NULL,
)
Request URL: /cake2/public/Crm/Tasks/index
Stack Trace:
#0 C:\xampp\htdocs\cake2\public\index.php(67): Dispatcher->dispatch(Object(CakeRequest), Object(CakeResponse))
#1 {main}
2013-06-18 13:31:00 Error: [MissingControllerException] Controller class CrmController could not be found.
Exception Attributes: array (
  'class' => 'CrmController',
  'plugin' => NULL,
)
Request URL: /cake2/public/Crm/Tasks/index
Stack Trace:
#0 C:\xampp\htdocs\cake2\public\index.php(67): Dispatcher->dispatch(Object(CakeRequest), Object(CakeResponse))
#1 {main}
2013-06-18 13:31:01 Error: [MissingControllerException] Controller class CrmController could not be found.
Exception Attributes: array (
  'class' => 'CrmController',
  'plugin' => NULL,
)
Request URL: /cake2/public/Crm/Tasks/index
Stack Trace:
#0 C:\xampp\htdocs\cake2\public\index.php(67): Dispatcher->dispatch(Object(CakeRequest), Object(CakeResponse))
#1 {main}
2013-06-18 13:31:02 Error: [MissingControllerException] Controller class CrmController could not be found.
Exception Attributes: array (
  'class' => 'CrmController',
  'plugin' => NULL,
)
Request URL: /cake2/public/Crm/Tasks/index
Stack Trace:
#0 C:\xampp\htdocs\cake2\public\index.php(67): Dispatcher->dispatch(Object(CakeRequest), Object(CakeResponse))
#1 {main}
2013-06-18 13:31:02 Error: [MissingControllerException] Controller class CrmController could not be found.
Exception Attributes: array (
  'class' => 'CrmController',
  'plugin' => NULL,
)
Request URL: /cake2/public/Crm/Tasks/index
Stack Trace:
#0 C:\xampp\htdocs\cake2\public\index.php(67): Dispatcher->dispatch(Object(CakeRequest), Object(CakeResponse))
#1 {main}
2013-06-18 13:31:02 Error: [MissingControllerException] Controller class CrmController could not be found.
Exception Attributes: array (
  'class' => 'CrmController',
  'plugin' => NULL,
)
Request URL: /cake2/public/Crm/Tasks/index
Stack Trace:
#0 C:\xampp\htdocs\cake2\public\index.php(67): Dispatcher->dispatch(Object(CakeRequest), Object(CakeResponse))
#1 {main}
2013-06-18 13:32:11 Error: [MissingControllerException] Controller class CrmController could not be found.
Exception Attributes: array (
  'class' => 'CrmController',
  'plugin' => NULL,
)
Request URL: /cake2/public/Crm/Tasks/index
Stack Trace:
#0 C:\xampp\htdocs\cake2\public\index.php(67): Dispatcher->dispatch(Object(CakeRequest), Object(CakeResponse))
#1 {main}
2013-06-18 13:33:20 Error: [MissingControllerException] Controller class CrmController could not be found.
Exception Attributes: array (
  'class' => 'CrmController',
  'plugin' => NULL,
)
Request URL: /cake2/public/Crm/Tasks/index
Stack Trace:
#0 C:\xampp\htdocs\cake2\public\index.php(67): Dispatcher->dispatch(Object(CakeRequest), Object(CakeResponse))
#1 {main}
2013-06-18 13:33:20 Error: [MissingControllerException] Controller class CrmController could not be found.
Exception Attributes: array (
  'class' => 'CrmController',
  'plugin' => NULL,
)
Request URL: /cake2/public/Crm/Tasks/index
Stack Trace:
#0 C:\xampp\htdocs\cake2\public\index.php(67): Dispatcher->dispatch(Object(CakeRequest), Object(CakeResponse))
#1 {main}
2013-06-18 13:33:20 Error: [MissingControllerException] Controller class CrmController could not be found.
Exception Attributes: array (
  'class' => 'CrmController',
  'plugin' => NULL,
)
Request URL: /cake2/public/Crm/Tasks/index
Stack Trace:
#0 C:\xampp\htdocs\cake2\public\index.php(67): Dispatcher->dispatch(Object(CakeRequest), Object(CakeResponse))
#1 {main}
2013-06-18 13:33:21 Error: [MissingControllerException] Controller class CrmController could not be found.
Exception Attributes: array (
  'class' => 'CrmController',
  'plugin' => NULL,
)
Request URL: /cake2/public/Crm/Tasks/index
Stack Trace:
#0 C:\xampp\htdocs\cake2\public\index.php(67): Dispatcher->dispatch(Object(CakeRequest), Object(CakeResponse))
#1 {main}
2013-06-18 13:33:21 Error: [MissingControllerException] Controller class CrmController could not be found.
Exception Attributes: array (
  'class' => 'CrmController',
  'plugin' => NULL,
)
Request URL: /cake2/public/Crm/Tasks/index
Stack Trace:
#0 C:\xampp\htdocs\cake2\public\index.php(67): Dispatcher->dispatch(Object(CakeRequest), Object(CakeResponse))
#1 {main}
2013-06-18 13:34:54 Error: [MissingControllerException] Controller class CrmController could not be found.
Exception Attributes: array (
  'class' => 'CrmController',
  'plugin' => NULL,
)
Request URL: /cake2/public/Crm/Tasks/index
Stack Trace:
#0 C:\xampp\htdocs\cake2\public\index.php(67): Dispatcher->dispatch(Object(CakeRequest), Object(CakeResponse))
#1 {main}
2013-06-18 13:34:54 Error: [MissingControllerException] Controller class Favicon.icoController could not be found.
Exception Attributes: array (
  'class' => 'Favicon.icoController',
  'plugin' => NULL,
)
Request URL: /cake2/public/favicon.ico
Stack Trace:
#0 C:\xampp\htdocs\cake2\public\index.php(67): Dispatcher->dispatch(Object(CakeRequest), Object(CakeResponse))
#1 {main}
2013-06-18 13:35:04 Error: [MissingControllerException] Controller class CrmController could not be found.
Exception Attributes: array (
  'class' => 'CrmController',
  'plugin' => NULL,
)
Request URL: /cake2/public/Crm/Tasks/
Stack Trace:
#0 C:\xampp\htdocs\cake2\public\index.php(67): Dispatcher->dispatch(Object(CakeRequest), Object(CakeResponse))
#1 {main}
2013-06-18 13:35:04 Error: [MissingControllerException] Controller class Favicon.icoController could not be found.
Exception Attributes: array (
  'class' => 'Favicon.icoController',
  'plugin' => NULL,
)
Request URL: /cake2/public/favicon.ico
Stack Trace:
#0 C:\xampp\htdocs\cake2\public\index.php(67): Dispatcher->dispatch(Object(CakeRequest), Object(CakeResponse))
#1 {main}
2013-06-18 13:36:57 Error: [MissingControllerException] Controller class Favicon.icoController could not be found.
Exception Attributes: array (
  'class' => 'Favicon.icoController',
  'plugin' => NULL,
)
Request URL: /cake2/public/favicon.ico
Stack Trace:
#0 C:\xampp\htdocs\cake2\public\index.php(67): Dispatcher->dispatch(Object(CakeRequest), Object(CakeResponse))
#1 {main}
2013-06-18 13:37:25 Error: [MissingControllerException] Controller class Favicon.icoController could not be found.
Exception Attributes: array (
  'class' => 'Favicon.icoController',
  'plugin' => NULL,
)
Request URL: /cake2/public/favicon.ico
Stack Trace:
#0 C:\xampp\htdocs\cake2\public\index.php(67): Dispatcher->dispatch(Object(CakeRequest), Object(CakeResponse))
#1 {main}
2013-06-18 13:37:26 Error: [MissingControllerException] Controller class Favicon.icoController could not be found.
Exception Attributes: array (
  'class' => 'Favicon.icoController',
  'plugin' => NULL,
)
Request URL: /cake2/public/favicon.ico
Stack Trace:
#0 C:\xampp\htdocs\cake2\public\index.php(67): Dispatcher->dispatch(Object(CakeRequest), Object(CakeResponse))
#1 {main}
2013-06-18 13:38:04 Error: [MissingControllerException] Controller class Favicon.icoController could not be found.
Exception Attributes: array (
  'class' => 'Favicon.icoController',
  'plugin' => NULL,
)
Request URL: /cake2/public/favicon.ico
Stack Trace:
#0 C:\xampp\htdocs\cake2\public\index.php(67): Dispatcher->dispatch(Object(CakeRequest), Object(CakeResponse))
#1 {main}
2013-06-18 13:38:06 Error: [MissingControllerException] Controller class Favicon.icoController could not be found.
Exception Attributes: array (
  'class' => 'Favicon.icoController',
  'plugin' => NULL,
)
Request URL: /cake2/public/favicon.ico
Stack Trace:
#0 C:\xampp\htdocs\cake2\public\index.php(67): Dispatcher->dispatch(Object(CakeRequest), Object(CakeResponse))
#1 {main}
2013-06-18 13:38:07 Error: [MissingControllerException] Controller class Favicon.icoController could not be found.
Exception Attributes: array (
  'class' => 'Favicon.icoController',
  'plugin' => NULL,
)
Request URL: /cake2/public/favicon.ico
Stack Trace:
#0 C:\xampp\htdocs\cake2\public\index.php(67): Dispatcher->dispatch(Object(CakeRequest), Object(CakeResponse))
#1 {main}
2013-06-18 13:40:17 Error: [MissingControllerException] Controller class CrmController could not be found.
Exception Attributes: array (
  'class' => 'CrmController',
  'plugin' => NULL,
)
Request URL: /cake2/public/Crm/Tasks/index
Stack Trace:
#0 C:\xampp\htdocs\cake2\public\index.php(67): Dispatcher->dispatch(Object(CakeRequest), Object(CakeResponse))
#1 {main}
2013-06-18 13:40:21 Error: [MissingControllerException] Controller class CrmController could not be found.
Exception Attributes: array (
  'class' => 'CrmController',
  'plugin' => NULL,
)
Request URL: /cake2/public/Crm/Tasks/
Stack Trace:
#0 C:\xampp\htdocs\cake2\public\index.php(67): Dispatcher->dispatch(Object(CakeRequest), Object(CakeResponse))
#1 {main}
2013-06-18 13:40:25 Error: [MissingControllerException] Controller class CrmController could not be found.
Exception Attributes: array (
  'class' => 'CrmController',
  'plugin' => NULL,
)
Request URL: /cake2/public/Crm/Tasks/
Stack Trace:
#0 C:\xampp\htdocs\cake2\public\index.php(67): Dispatcher->dispatch(Object(CakeRequest), Object(CakeResponse))
#1 {main}
2013-06-18 13:58:13 Error: [MissingControllerException] Controller class Favicon.icoController could not be found.
Exception Attributes: array (
  'class' => 'Favicon.icoController',
  'plugin' => NULL,
)
Request URL: /cake2/public/favicon.ico
Stack Trace:
#0 C:\xampp\htdocs\cake2\public\index.php(67): Dispatcher->dispatch(Object(CakeRequest), Object(CakeResponse))
#1 {main}
2013-06-18 14:20:29 Error: [MissingControllerException] Controller class Favicon.icoController could not be found.
Exception Attributes: array (
  'class' => 'Favicon.icoController',
  'plugin' => NULL,
)
Request URL: /cake2/public/favicon.ico
Stack Trace:
#0 C:\xampp\htdocs\cake2\public\index.php(67): Dispatcher->dispatch(Object(CakeRequest), Object(CakeResponse))
#1 {main}
2013-06-18 14:55:35 Error: [MissingControllerException] Controller class Favicon.icoController could not be found.
Exception Attributes: array (
  'class' => 'Favicon.icoController',
  'plugin' => NULL,
)
Request URL: /cake2/public/favicon.ico
Stack Trace:
#0 C:\xampp\htdocs\cake2\public\index.php(67): Dispatcher->dispatch(Object(CakeRequest), Object(CakeResponse))
#1 {main}
2013-06-18 14:55:36 Error: [MissingControllerException] Controller class Favicon.icoController could not be found.
Exception Attributes: array (
  'class' => 'Favicon.icoController',
  'plugin' => NULL,
)
Request URL: /cake2/public/favicon.ico
Stack Trace:
#0 C:\xampp\htdocs\cake2\public\index.php(67): Dispatcher->dispatch(Object(CakeRequest), Object(CakeResponse))
#1 {main}
2013-06-18 14:55:37 Error: [MissingControllerException] Controller class Favicon.icoController could not be found.
Exception Attributes: array (
  'class' => 'Favicon.icoController',
  'plugin' => NULL,
)
Request URL: /cake2/public/favicon.ico
Stack Trace:
#0 C:\xampp\htdocs\cake2\public\index.php(67): Dispatcher->dispatch(Object(CakeRequest), Object(CakeResponse))
#1 {main}
2013-06-18 15:00:53 Error: [MissingControllerException] Controller class Favicon.icoController could not be found.
Exception Attributes: array (
  'class' => 'Favicon.icoController',
  'plugin' => NULL,
)
Request URL: /cake2/public/favicon.ico
Stack Trace:
#0 C:\xampp\htdocs\cake2\public\index.php(67): Dispatcher->dispatch(Object(CakeRequest), Object(CakeResponse))
#1 {main}
2013-06-18 15:00:54 Error: [MissingControllerException] Controller class Favicon.icoController could not be found.
Exception Attributes: array (
  'class' => 'Favicon.icoController',
  'plugin' => NULL,
)
Request URL: /cake2/public/favicon.ico
Stack Trace:
#0 C:\xampp\htdocs\cake2\public\index.php(67): Dispatcher->dispatch(Object(CakeRequest), Object(CakeResponse))
#1 {main}
2013-06-18 15:01:19 Error: [MissingControllerException] Controller class Favicon.icoController could not be found.
Exception Attributes: array (
  'class' => 'Favicon.icoController',
  'plugin' => NULL,
)
Request URL: /cake2/public/favicon.ico
Stack Trace:
#0 C:\xampp\htdocs\cake2\public\index.php(67): Dispatcher->dispatch(Object(CakeRequest), Object(CakeResponse))
#1 {main}
2013-06-18 15:01:20 Error: [MissingControllerException] Controller class Favicon.icoController could not be found.
Exception Attributes: array (
  'class' => 'Favicon.icoController',
  'plugin' => NULL,
)
Request URL: /cake2/public/favicon.ico
Stack Trace:
#0 C:\xampp\htdocs\cake2\public\index.php(67): Dispatcher->dispatch(Object(CakeRequest), Object(CakeResponse))
#1 {main}
2013-06-18 15:01:32 Error: [MissingControllerException] Controller class Favicon.icoController could not be found.
Exception Attributes: array (
  'class' => 'Favicon.icoController',
  'plugin' => NULL,
)
Request URL: /cake2/public/favicon.ico
Stack Trace:
#0 C:\xampp\htdocs\cake2\public\index.php(67): Dispatcher->dispatch(Object(CakeRequest), Object(CakeResponse))
#1 {main}
2013-06-18 15:02:41 Error: [MissingControllerException] Controller class Favicon.icoController could not be found.
Exception Attributes: array (
  'class' => 'Favicon.icoController',
  'plugin' => NULL,
)
Request URL: /cake2/public/favicon.ico
Stack Trace:
#0 C:\xampp\htdocs\cake2\public\index.php(67): Dispatcher->dispatch(Object(CakeRequest), Object(CakeResponse))
#1 {main}
2013-06-18 15:04:05 Error: [MissingActionException] Action TasksController::js() could not be found.
Exception Attributes: array (
  'controller' => 'TasksController',
  'action' => 'js',
)
Request URL: /cake2/public/crm/Tasks/js/main.js
Stack Trace:
#0 C:\xampp\htdocs\cake2\lib\Cake\Routing\Dispatcher.php(187): Controller->invokeAction(Object(CakeRequest))
#1 C:\xampp\htdocs\cake2\lib\Cake\Routing\Dispatcher.php(162): Dispatcher->_invoke(Object(TasksController), Object(CakeRequest), Object(CakeResponse))
#2 C:\xampp\htdocs\cake2\public\index.php(67): Dispatcher->dispatch(Object(CakeRequest), Object(CakeResponse))
#3 {main}
2013-06-18 15:04:05 Error: [MissingActionException] Action TasksController::js() could not be found.
Exception Attributes: array (
  'controller' => 'TasksController',
  'action' => 'js',
)
Request URL: /cake2/public/crm/Tasks/js/vendor/bootstrap.min.js
Stack Trace:
#0 C:\xampp\htdocs\cake2\lib\Cake\Routing\Dispatcher.php(187): Controller->invokeAction(Object(CakeRequest))
#1 C:\xampp\htdocs\cake2\lib\Cake\Routing\Dispatcher.php(162): Dispatcher->_invoke(Object(TasksController), Object(CakeRequest), Object(CakeResponse))
#2 C:\xampp\htdocs\cake2\public\index.php(67): Dispatcher->dispatch(Object(CakeRequest), Object(CakeResponse))
#3 {main}
2013-06-18 15:04:05 Error: [MissingControllerException] Controller class Favicon.icoController could not be found.
Exception Attributes: array (
  'class' => 'Favicon.icoController',
  'plugin' => NULL,
)
Request URL: /cake2/public/favicon.ico
Stack Trace:
#0 C:\xampp\htdocs\cake2\public\index.php(67): Dispatcher->dispatch(Object(CakeRequest), Object(CakeResponse))
#1 {main}
2013-06-18 15:04:50 Error: [MissingActionException] Action TasksController::js() could not be found.
Exception Attributes: array (
  'controller' => 'TasksController',
  'action' => 'js',
)
Request URL: /cake2/public/crm/Tasks/js/vendor/bootstrap.min.js
Stack Trace:
#0 C:\xampp\htdocs\cake2\lib\Cake\Routing\Dispatcher.php(187): Controller->invokeAction(Object(CakeRequest))
#1 C:\xampp\htdocs\cake2\lib\Cake\Routing\Dispatcher.php(162): Dispatcher->_invoke(Object(TasksController), Object(CakeRequest), Object(CakeResponse))
#2 C:\xampp\htdocs\cake2\public\index.php(67): Dispatcher->dispatch(Object(CakeRequest), Object(CakeResponse))
#3 {main}
2013-06-18 15:04:50 Error: [MissingActionException] Action TasksController::js() could not be found.
Exception Attributes: array (
  'controller' => 'TasksController',
  'action' => 'js',
)
Request URL: /cake2/public/crm/Tasks/js/main.js
Stack Trace:
#0 C:\xampp\htdocs\cake2\lib\Cake\Routing\Dispatcher.php(187): Controller->invokeAction(Object(CakeRequest))
#1 C:\xampp\htdocs\cake2\lib\Cake\Routing\Dispatcher.php(162): Dispatcher->_invoke(Object(TasksController), Object(CakeRequest), Object(CakeResponse))
#2 C:\xampp\htdocs\cake2\public\index.php(67): Dispatcher->dispatch(Object(CakeRequest), Object(CakeResponse))
#3 {main}
2013-06-18 15:04:50 Error: [MissingControllerException] Controller class Favicon.icoController could not be found.
Exception Attributes: array (
  'class' => 'Favicon.icoController',
  'plugin' => NULL,
)
Request URL: /cake2/public/favicon.ico
Stack Trace:
#0 C:\xampp\htdocs\cake2\public\index.php(67): Dispatcher->dispatch(Object(CakeRequest), Object(CakeResponse))
#1 {main}
2013-06-18 15:05:30 Error: [MissingActionException] Action TasksController::js() could not be found.
Exception Attributes: array (
  'controller' => 'TasksController',
  'action' => 'js',
)
Request URL: /cake2/public/crm/Tasks/js/vendor/bootstrap.min.js
Stack Trace:
#0 C:\xampp\htdocs\cake2\lib\Cake\Routing\Dispatcher.php(187): Controller->invokeAction(Object(CakeRequest))
#1 C:\xampp\htdocs\cake2\lib\Cake\Routing\Dispatcher.php(162): Dispatcher->_invoke(Object(TasksController), Object(CakeRequest), Object(CakeResponse))
#2 C:\xampp\htdocs\cake2\public\index.php(67): Dispatcher->dispatch(Object(CakeRequest), Object(CakeResponse))
#3 {main}
2013-06-18 15:05:30 Error: [MissingActionException] Action TasksController::js() could not be found.
Exception Attributes: array (
  'controller' => 'TasksController',
  'action' => 'js',
)
Request URL: /cake2/public/crm/Tasks/js/main.js
Stack Trace:
#0 C:\xampp\htdocs\cake2\lib\Cake\Routing\Dispatcher.php(187): Controller->invokeAction(Object(CakeRequest))
#1 C:\xampp\htdocs\cake2\lib\Cake\Routing\Dispatcher.php(162): Dispatcher->_invoke(Object(TasksController), Object(CakeRequest), Object(CakeResponse))
#2 C:\xampp\htdocs\cake2\public\index.php(67): Dispatcher->dispatch(Object(CakeRequest), Object(CakeResponse))
#3 {main}
2013-06-18 15:05:31 Error: [MissingControllerException] Controller class Favicon.icoController could not be found.
Exception Attributes: array (
  'class' => 'Favicon.icoController',
  'plugin' => NULL,
)
Request URL: /cake2/public/favicon.ico
Stack Trace:
#0 C:\xampp\htdocs\cake2\public\index.php(67): Dispatcher->dispatch(Object(CakeRequest), Object(CakeResponse))
#1 {main}
2013-06-18 15:05:45 Error: [MissingActionException] Action TasksController::js() could not be found.
Exception Attributes: array (
  'controller' => 'TasksController',
  'action' => 'js',
)
Request URL: /cake2/public/crm/Tasks/js/vendor/bootstrap.min.js
Stack Trace:
#0 C:\xampp\htdocs\cake2\lib\Cake\Routing\Dispatcher.php(187): Controller->invokeAction(Object(CakeRequest))
#1 C:\xampp\htdocs\cake2\lib\Cake\Routing\Dispatcher.php(162): Dispatcher->_invoke(Object(TasksController), Object(CakeRequest), Object(CakeResponse))
#2 C:\xampp\htdocs\cake2\public\index.php(67): Dispatcher->dispatch(Object(CakeRequest), Object(CakeResponse))
#3 {main}
2013-06-18 15:05:45 Error: [MissingActionException] Action TasksController::js() could not be found.
Exception Attributes: array (
  'controller' => 'TasksController',
  'action' => 'js',
)
Request URL: /cake2/public/crm/Tasks/js/main.js
Stack Trace:
#0 C:\xampp\htdocs\cake2\lib\Cake\Routing\Dispatcher.php(187): Controller->invokeAction(Object(CakeRequest))
#1 C:\xampp\htdocs\cake2\lib\Cake\Routing\Dispatcher.php(162): Dispatcher->_invoke(Object(TasksController), Object(CakeRequest), Object(CakeResponse))
#2 C:\xampp\htdocs\cake2\public\index.php(67): Dispatcher->dispatch(Object(CakeRequest), Object(CakeResponse))
#3 {main}
2013-06-18 15:05:46 Error: [MissingControllerException] Controller class Favicon.icoController could not be found.
Exception Attributes: array (
  'class' => 'Favicon.icoController',
  'plugin' => NULL,
)
Request URL: /cake2/public/favicon.ico
Stack Trace:
#0 C:\xampp\htdocs\cake2\public\index.php(67): Dispatcher->dispatch(Object(CakeRequest), Object(CakeResponse))
#1 {main}
2013-06-19 03:19:48 Error: [MissingControllerException] Controller class Favicon.icoController could not be found.
Exception Attributes: array (
  'class' => 'Favicon.icoController',
  'plugin' => NULL,
)
Request URL: /modcaketwo/public/favicon.ico
Stack Trace:
#0 /opt/lampp/htdocs/modcaketwo/public/index.php(67): Dispatcher->dispatch(Object(CakeRequest), Object(CakeResponse))
#1 {main}
2013-06-19 03:19:50 Error: [MissingControllerException] Controller class Favicon.icoController could not be found.
Exception Attributes: array (
  'class' => 'Favicon.icoController',
  'plugin' => NULL,
)
Request URL: /modcaketwo/public/favicon.ico
Stack Trace:
#0 /opt/lampp/htdocs/modcaketwo/public/index.php(67): Dispatcher->dispatch(Object(CakeRequest), Object(CakeResponse))
#1 {main}
2013-06-19 03:20:08 Error: [MissingControllerException] Controller class Favicon.icoController could not be found.
Exception Attributes: array (
  'class' => 'Favicon.icoController',
  'plugin' => NULL,
)
Request URL: /modcaketwo/public/favicon.ico
Stack Trace:
#0 /opt/lampp/htdocs/modcaketwo/public/index.php(67): Dispatcher->dispatch(Object(CakeRequest), Object(CakeResponse))
#1 {main}
2013-06-19 03:20:09 Error: [MissingControllerException] Controller class Favicon.icoController could not be found.
Exception Attributes: array (
  'class' => 'Favicon.icoController',
  'plugin' => NULL,
)
Request URL: /modcaketwo/public/favicon.ico
Stack Trace:
#0 /opt/lampp/htdocs/modcaketwo/public/index.php(67): Dispatcher->dispatch(Object(CakeRequest), Object(CakeResponse))
#1 {main}
2013-06-19 03:20:09 Error: [MissingControllerException] Controller class Favicon.icoController could not be found.
Exception Attributes: array (
  'class' => 'Favicon.icoController',
  'plugin' => NULL,
)
Request URL: /modcaketwo/public/favicon.ico
Stack Trace:
#0 /opt/lampp/htdocs/modcaketwo/public/index.php(67): Dispatcher->dispatch(Object(CakeRequest), Object(CakeResponse))
#1 {main}
2013-06-19 03:20:10 Error: [MissingControllerException] Controller class Favicon.icoController could not be found.
Exception Attributes: array (
  'class' => 'Favicon.icoController',
  'plugin' => NULL,
)
Request URL: /modcaketwo/public/favicon.ico
Stack Trace:
#0 /opt/lampp/htdocs/modcaketwo/public/index.php(67): Dispatcher->dispatch(Object(CakeRequest), Object(CakeResponse))
#1 {main}
2013-06-19 03:20:11 Error: [MissingControllerException] Controller class Favicon.icoController could not be found.
Exception Attributes: array (
  'class' => 'Favicon.icoController',
  'plugin' => NULL,
)
Request URL: /modcaketwo/public/favicon.ico
Stack Trace:
#0 /opt/lampp/htdocs/modcaketwo/public/index.php(67): Dispatcher->dispatch(Object(CakeRequest), Object(CakeResponse))
#1 {main}
2013-06-19 03:20:11 Error: [MissingControllerException] Controller class Favicon.icoController could not be found.
Exception Attributes: array (
  'class' => 'Favicon.icoController',
  'plugin' => NULL,
)
Request URL: /modcaketwo/public/favicon.ico
Stack Trace:
#0 /opt/lampp/htdocs/modcaketwo/public/index.php(67): Dispatcher->dispatch(Object(CakeRequest), Object(CakeResponse))
#1 {main}
2013-06-19 03:20:12 Error: [MissingControllerException] Controller class Favicon.icoController could not be found.
Exception Attributes: array (
  'class' => 'Favicon.icoController',
  'plugin' => NULL,
)
Request URL: /modcaketwo/public/favicon.ico
Stack Trace:
#0 /opt/lampp/htdocs/modcaketwo/public/index.php(67): Dispatcher->dispatch(Object(CakeRequest), Object(CakeResponse))
#1 {main}
2013-06-19 03:20:12 Error: [MissingControllerException] Controller class Favicon.icoController could not be found.
Exception Attributes: array (
  'class' => 'Favicon.icoController',
  'plugin' => NULL,
)
Request URL: /modcaketwo/public/favicon.ico
Stack Trace:
#0 /opt/lampp/htdocs/modcaketwo/public/index.php(67): Dispatcher->dispatch(Object(CakeRequest), Object(CakeResponse))
#1 {main}
2013-06-19 03:20:12 Error: [MissingControllerException] Controller class Favicon.icoController could not be found.
Exception Attributes: array (
  'class' => 'Favicon.icoController',
  'plugin' => NULL,
)
Request URL: /modcaketwo/public/favicon.ico
Stack Trace:
#0 /opt/lampp/htdocs/modcaketwo/public/index.php(67): Dispatcher->dispatch(Object(CakeRequest), Object(CakeResponse))
#1 {main}
2013-06-19 03:20:13 Error: [MissingControllerException] Controller class Favicon.icoController could not be found.
Exception Attributes: array (
  'class' => 'Favicon.icoController',
  'plugin' => NULL,
)
Request URL: /modcaketwo/public/favicon.ico
Stack Trace:
#0 /opt/lampp/htdocs/modcaketwo/public/index.php(67): Dispatcher->dispatch(Object(CakeRequest), Object(CakeResponse))
#1 {main}
2013-06-19 03:20:16 Error: [MissingControllerException] Controller class Favicon.icoController could not be found.
Exception Attributes: array (
  'class' => 'Favicon.icoController',
  'plugin' => NULL,
)
Request URL: /modcaketwo/public/favicon.ico
Stack Trace:
#0 /opt/lampp/htdocs/modcaketwo/public/index.php(67): Dispatcher->dispatch(Object(CakeRequest), Object(CakeResponse))
#1 {main}
2013-06-19 03:20:16 Error: [MissingControllerException] Controller class Favicon.icoController could not be found.
Exception Attributes: array (
  'class' => 'Favicon.icoController',
  'plugin' => NULL,
)
Request URL: /modcaketwo/public/favicon.ico
Stack Trace:
#0 /opt/lampp/htdocs/modcaketwo/public/index.php(67): Dispatcher->dispatch(Object(CakeRequest), Object(CakeResponse))
#1 {main}
2013-06-19 03:20:22 Error: [MissingControllerException] Controller class Favicon.icoController could not be found.
Exception Attributes: array (
  'class' => 'Favicon.icoController',
  'plugin' => NULL,
)
Request URL: /modcaketwo/public/favicon.ico
Stack Trace:
#0 /opt/lampp/htdocs/modcaketwo/public/index.php(67): Dispatcher->dispatch(Object(CakeRequest), Object(CakeResponse))
#1 {main}
2013-09-21 18:11:23 Error: [MissingControllerException] Controller class Favicon.icoController could not be found.
Exception Attributes: array (
  'class' => 'Favicon.icoController',
  'plugin' => NULL,
)
Request URL: /favicon.ico
Stack Trace:
#0 /opt/lampp/htdocs/modcaketwo/public/index.php(67): Dispatcher->dispatch(Object(CakeRequest), Object(CakeResponse))
#1 {main}
2013-09-21 18:13:15 Error: [MissingControllerException] Controller class Favicon.icoController could not be found.
Exception Attributes: array (
  'class' => 'Favicon.icoController',
  'plugin' => NULL,
)
Request URL: /favicon.ico
Stack Trace:
#0 /opt/lampp/htdocs/modcaketwo/public/index.php(67): Dispatcher->dispatch(Object(CakeRequest), Object(CakeResponse))
#1 {main}
2013-09-21 18:14:00 Error: [MissingControllerException] Controller class CrmController could not be found.
Exception Attributes: array (
  'class' => 'CrmController',
  'plugin' => 'Crm',
)
Request URL: /crm
Stack Trace:
#0 /opt/lampp/htdocs/modcaketwo/public/index.php(67): Dispatcher->dispatch(Object(CakeRequest), Object(CakeResponse))
#1 {main}
2013-09-21 18:14:00 Error: [MissingControllerException] Controller class Favicon.icoController could not be found.
Exception Attributes: array (
  'class' => 'Favicon.icoController',
  'plugin' => NULL,
)
Request URL: /favicon.ico
Stack Trace:
#0 /opt/lampp/htdocs/modcaketwo/public/index.php(67): Dispatcher->dispatch(Object(CakeRequest), Object(CakeResponse))
#1 {main}
2013-10-29 19:42:03 Error: [MissingControllerException] Controller class Favicon.icoController could not be found.
Exception Attributes: array (
  'class' => 'Favicon.icoController',
  'plugin' => NULL,
)
Request URL: /favicon.ico
Stack Trace:
#0 /opt/lampp/htdocs/modcaketwo/public/index.php(67): Dispatcher->dispatch(Object(CakeRequest), Object(CakeResponse))
#1 {main}
2013-10-29 19:46:38 Error: Fatal Error (1): Call to a member function init() on a non-object in [/opt/lampp/htdocs/modcaketwo/lib/Cake/Controller/Controller.php, line 639]
2013-10-29 19:46:38 Error: [FatalErrorException] Call to a member function init() on a non-object
Request URL: /
Stack Trace:
#0 /opt/lampp/htdocs/modcaketwo/lib/Cake/Error/ErrorHandler.php(184): ErrorHandler::handleFatalError(1, 'Call to a membe...', '/opt/lampp/htdo...', 639)
#1 [internal function]: ErrorHandler::handleError(1, 'Call to a membe...', '/opt/lampp/htdo...', 639, Array)
#2 /opt/lampp/htdocs/modcaketwo/lib/Cake/Core/App.php(927): call_user_func('ErrorHandler::h...', 1, 'Call to a membe...', '/opt/lampp/htdo...', 639, Array)
#3 /opt/lampp/htdocs/modcaketwo/lib/Cake/Core/App.php(900): App::_checkFatalError()
#4 [internal function]: App::shutdown()
#5 {main}
2013-10-29 19:46:38 Error: [MissingControllerException] Controller class Favicon.icoController could not be found.
Exception Attributes: array (
  'class' => 'Favicon.icoController',
  'plugin' => NULL,
)
Request URL: /favicon.ico
Stack Trace:
#0 /opt/lampp/htdocs/modcaketwo/public/index.php(67): Dispatcher->dispatch(Object(CakeRequest), Object(CakeResponse))
#1 {main}
2013-10-29 19:46:38 Error: Fatal Error (1): Call to a member function init() on a non-object in [/opt/lampp/htdocs/modcaketwo/lib/Cake/Controller/Controller.php, line 639]
2013-10-29 19:46:38 Error: [FatalErrorException] Call to a member function init() on a non-object
Request URL: /favicon.ico
Stack Trace:
#0 /opt/lampp/htdocs/modcaketwo/lib/Cake/Error/ErrorHandler.php(184): ErrorHandler::handleFatalError(1, 'Call to a membe...', '/opt/lampp/htdo...', 639)
#1 [internal function]: ErrorHandler::handleError(1, 'Call to a membe...', '/opt/lampp/htdo...', 639, Array)
#2 /opt/lampp/htdocs/modcaketwo/lib/Cake/Core/App.php(927): call_user_func('ErrorHandler::h...', 1, 'Call to a membe...', '/opt/lampp/htdo...', 639, Array)
#3 /opt/lampp/htdocs/modcaketwo/lib/Cake/Core/App.php(900): App::_checkFatalError()
#4 [internal function]: App::shutdown()
#5 {main}
2013-10-29 19:46:47 Error: [MissingControllerException] Controller class Favicon.icoController could not be found.
Exception Attributes: array (
  'class' => 'Favicon.icoController',
  'plugin' => NULL,
)
Request URL: /favicon.ico
Stack Trace:
#0 /opt/lampp/htdocs/modcaketwo/public/index.php(67): Dispatcher->dispatch(Object(CakeRequest), Object(CakeResponse))
#1 {main}
2013-10-29 19:47:06 Error: [MissingControllerException] Controller class Favicon.icoController could not be found.
Exception Attributes: array (
  'class' => 'Favicon.icoController',
  'plugin' => NULL,
)
Request URL: /favicon.ico
Stack Trace:
#0 /opt/lampp/htdocs/modcaketwo/public/index.php(67): Dispatcher->dispatch(Object(CakeRequest), Object(CakeResponse))
#1 {main}
2013-10-29 19:47:08 Error: [MissingControllerException] Controller class Favicon.icoController could not be found.
Exception Attributes: array (
  'class' => 'Favicon.icoController',
  'plugin' => NULL,
)
Request URL: /favicon.ico
Stack Trace:
#0 /opt/lampp/htdocs/modcaketwo/public/index.php(67): Dispatcher->dispatch(Object(CakeRequest), Object(CakeResponse))
#1 {main}
2013-10-29 19:47:08 Error: [MissingControllerException] Controller class Favicon.icoController could not be found.
Exception Attributes: array (
  'class' => 'Favicon.icoController',
  'plugin' => NULL,
)
Request URL: /favicon.ico
Stack Trace:
#0 /opt/lampp/htdocs/modcaketwo/public/index.php(67): Dispatcher->dispatch(Object(CakeRequest), Object(CakeResponse))
#1 {main}
2013-10-29 19:47:08 Error: [MissingControllerException] Controller class Favicon.icoController could not be found.
Exception Attributes: array (
  'class' => 'Favicon.icoController',
  'plugin' => NULL,
)
Request URL: /favicon.ico
Stack Trace:
#0 /opt/lampp/htdocs/modcaketwo/public/index.php(67): Dispatcher->dispatch(Object(CakeRequest), Object(CakeResponse))
#1 {main}
2013-10-29 19:47:10 Error: [MissingControllerException] Controller class Favicon.icoController could not be found.
Exception Attributes: array (
  'class' => 'Favicon.icoController',
  'plugin' => NULL,
)
Request URL: /favicon.ico
Stack Trace:
#0 /opt/lampp/htdocs/modcaketwo/public/index.php(67): Dispatcher->dispatch(Object(CakeRequest), Object(CakeResponse))
#1 {main}
2013-10-29 19:47:36 Error: [MissingControllerException] Controller class Favicon.icoController could not be found.
Exception Attributes: array (
  'class' => 'Favicon.icoController',
  'plugin' => NULL,
)
Request URL: /favicon.ico
Stack Trace:
#0 /opt/lampp/htdocs/modcaketwo/public/index.php(67): Dispatcher->dispatch(Object(CakeRequest), Object(CakeResponse))
#1 {main}
2013-10-29 19:48:07 Error: [MissingControllerException] Controller class Favicon.icoController could not be found.
Exception Attributes: array (
  'class' => 'Favicon.icoController',
  'plugin' => NULL,
)
Request URL: /favicon.ico
Stack Trace:
#0 /opt/lampp/htdocs/modcaketwo/public/index.php(67): Dispatcher->dispatch(Object(CakeRequest), Object(CakeResponse))
#1 {main}
2013-10-29 19:49:24 Error: [MissingControllerException] Controller class Favicon.icoController could not be found.
Exception Attributes: array (
  'class' => 'Favicon.icoController',
  'plugin' => NULL,
)
Request URL: /favicon.ico
Stack Trace:
#0 /opt/lampp/htdocs/modcaketwo/public/index.php(67): Dispatcher->dispatch(Object(CakeRequest), Object(CakeResponse))
#1 {main}
2013-10-29 19:49:28 Error: [MissingControllerException] Controller class AdminController could not be found.
Exception Attributes: array (
  'class' => 'AdminController',
  'plugin' => NULL,
)
Request URL: /admin
Stack Trace:
#0 /opt/lampp/htdocs/modcaketwo/public/index.php(67): Dispatcher->dispatch(Object(CakeRequest), Object(CakeResponse))
#1 {main}
2013-10-29 19:49:28 Error: [MissingControllerException] Controller class Favicon.icoController could not be found.
Exception Attributes: array (
  'class' => 'Favicon.icoController',
  'plugin' => NULL,
)
Request URL: /favicon.ico
Stack Trace:
#0 /opt/lampp/htdocs/modcaketwo/public/index.php(67): Dispatcher->dispatch(Object(CakeRequest), Object(CakeResponse))
#1 {main}
2013-10-29 19:49:32 Error: [MissingControllerException] Controller class Favicon.icoController could not be found.
Exception Attributes: array (
  'class' => 'Favicon.icoController',
  'plugin' => NULL,
)
Request URL: /favicon.ico
Stack Trace:
#0 /opt/lampp/htdocs/modcaketwo/public/index.php(67): Dispatcher->dispatch(Object(CakeRequest), Object(CakeResponse))
#1 {main}
2013-10-29 19:49:33 Error: [MissingControllerException] Controller class Favicon.icoController could not be found.
Exception Attributes: array (
  'class' => 'Favicon.icoController',
  'plugin' => NULL,
)
Request URL: /favicon.ico
Stack Trace:
#0 /opt/lampp/htdocs/modcaketwo/public/index.php(67): Dispatcher->dispatch(Object(CakeRequest), Object(CakeResponse))
#1 {main}
2013-10-29 20:27:01 Error: [MissingControllerException] Controller class Favicon.icoController could not be found.
Exception Attributes: array (
  'class' => 'Favicon.icoController',
  'plugin' => NULL,
)
Request URL: /favicon.ico
Stack Trace:
#0 /opt/lampp/htdocs/modcaketwo/public/index.php(67): Dispatcher->dispatch(Object(CakeRequest), Object(CakeResponse))
#1 {main}
2013-10-29 20:27:12 Error: [MissingControllerException] Controller class CrmController could not be found.
Exception Attributes: array (
  'class' => 'CrmController',
  'plugin' => 'Crm',
)
Request URL: /crm
Stack Trace:
#0 /opt/lampp/htdocs/modcaketwo/public/index.php(67): Dispatcher->dispatch(Object(CakeRequest), Object(CakeResponse))
#1 {main}
2013-10-29 20:27:12 Error: [MissingControllerException] Controller class Favicon.icoController could not be found.
Exception Attributes: array (
  'class' => 'Favicon.icoController',
  'plugin' => NULL,
)
Request URL: /favicon.ico
Stack Trace:
#0 /opt/lampp/htdocs/modcaketwo/public/index.php(67): Dispatcher->dispatch(Object(CakeRequest), Object(CakeResponse))
#1 {main}
2013-10-29 20:27:13 Error: [MissingControllerException] Controller class Favicon.icoController could not be found.
Exception Attributes: array (
  'class' => 'Favicon.icoController',
  'plugin' => NULL,
)
Request URL: /favicon.ico
Stack Trace:
#0 /opt/lampp/htdocs/modcaketwo/public/index.php(67): Dispatcher->dispatch(Object(CakeRequest), Object(CakeResponse))
#1 {main}
2013-10-29 20:27:15 Error: [MissingControllerException] Controller class Favicon.icoController could not be found.
Exception Attributes: array (
  'class' => 'Favicon.icoController',
  'plugin' => NULL,
)
Request URL: /favicon.ico
Stack Trace:
#0 /opt/lampp/htdocs/modcaketwo/public/index.php(67): Dispatcher->dispatch(Object(CakeRequest), Object(CakeResponse))
#1 {main}
2013-10-29 20:27:16 Error: [MissingControllerException] Controller class Favicon.icoController could not be found.
Exception Attributes: array (
  'class' => 'Favicon.icoController',
  'plugin' => NULL,
)
Request URL: /favicon.ico
Stack Trace:
#0 /opt/lampp/htdocs/modcaketwo/public/index.php(67): Dispatcher->dispatch(Object(CakeRequest), Object(CakeResponse))
#1 {main}
2013-10-29 20:27:31 Error: [MissingControllerException] Controller class Favicon.icoController could not be found.
Exception Attributes: array (
  'class' => 'Favicon.icoController',
  'plugin' => NULL,
)
Request URL: /favicon.ico
Stack Trace:
#0 /opt/lampp/htdocs/modcaketwo/public/index.php(67): Dispatcher->dispatch(Object(CakeRequest), Object(CakeResponse))
#1 {main}
2013-10-29 20:27:32 Error: [MissingControllerException] Controller class Favicon.icoController could not be found.
Exception Attributes: array (
  'class' => 'Favicon.icoController',
  'plugin' => NULL,
)
Request URL: /favicon.ico
Stack Trace:
#0 /opt/lampp/htdocs/modcaketwo/public/index.php(67): Dispatcher->dispatch(Object(CakeRequest), Object(CakeResponse))
#1 {main}
2013-10-29 20:27:34 Error: [MissingControllerException] Controller class Favicon.icoController could not be found.
Exception Attributes: array (
  'class' => 'Favicon.icoController',
  'plugin' => NULL,
)
Request URL: /favicon.ico
Stack Trace:
#0 /opt/lampp/htdocs/modcaketwo/public/index.php(67): Dispatcher->dispatch(Object(CakeRequest), Object(CakeResponse))
#1 {main}
2013-10-29 20:29:46 Error: [MissingControllerException] Controller class UsersController could not be found.
Exception Attributes: array (
  'class' => 'UsersController',
  'plugin' => NULL,
)
Request URL: /users/login
Stack Trace:
#0 /opt/lampp/htdocs/modcaketwo/public/index.php(67): Dispatcher->dispatch(Object(CakeRequest), Object(CakeResponse))
#1 {main}
2013-10-29 20:29:46 Error: [MissingControllerException] Controller class UsersController could not be found.
Exception Attributes: array (
  'class' => 'UsersController',
  'plugin' => NULL,
)
Request URL: /users/js/vendor/bootstrap.min.js
Stack Trace:
#0 /opt/lampp/htdocs/modcaketwo/public/index.php(67): Dispatcher->dispatch(Object(CakeRequest), Object(CakeResponse))
#1 {main}
2013-10-29 20:29:46 Error: [MissingControllerException] Controller class UsersController could not be found.
Exception Attributes: array (
  'class' => 'UsersController',
  'plugin' => NULL,
)
Request URL: /users/js/main.js
Stack Trace:
#0 /opt/lampp/htdocs/modcaketwo/public/index.php(67): Dispatcher->dispatch(Object(CakeRequest), Object(CakeResponse))
#1 {main}
2013-10-29 20:29:49 Error: [MissingControllerException] Controller class Favicon.icoController could not be found.
Exception Attributes: array (
  'class' => 'Favicon.icoController',
  'plugin' => NULL,
)
Request URL: /favicon.ico
Stack Trace:
#0 /opt/lampp/htdocs/modcaketwo/public/index.php(67): Dispatcher->dispatch(Object(CakeRequest), Object(CakeResponse))
#1 {main}
2013-10-29 20:36:10 Error: [MissingPluginException] Plugin Admin could not be found.
Exception Attributes: array (
  'plugin' => 'Admin',
)
Stack Trace:
#0 /opt/lampp/htdocs/modcaketwo/app/Config/bootstrap.php(75): CakePlugin::load('Admin')
#1 /opt/lampp/htdocs/modcaketwo/lib/Cake/Core/Configure.php(94): include('/opt/lampp/htdo...')
#2 /opt/lampp/htdocs/modcaketwo/lib/Cake/bootstrap.php(171): Configure::bootstrap(true)
#3 /opt/lampp/htdocs/modcaketwo/public/index.php(51): include('/opt/lampp/htdo...')
#4 {main}
2013-10-29 20:36:11 Error: [MissingPluginException] Plugin Admin could not be found.
Exception Attributes: array (
  'plugin' => 'Admin',
)
Stack Trace:
#0 /opt/lampp/htdocs/modcaketwo/app/Config/bootstrap.php(75): CakePlugin::load('Admin')
#1 /opt/lampp/htdocs/modcaketwo/lib/Cake/Core/Configure.php(94): include('/opt/lampp/htdo...')
#2 /opt/lampp/htdocs/modcaketwo/lib/Cake/bootstrap.php(171): Configure::bootstrap(true)
#3 /opt/lampp/htdocs/modcaketwo/public/index.php(51): include('/opt/lampp/htdo...')
#4 {main}
2013-10-29 20:37:22 Error: [MissingPluginException] Plugin Admin could not be found.
Exception Attributes: array (
  'plugin' => 'Admin',
)
Stack Trace:
#0 /opt/lampp/htdocs/modcaketwo/app/Config/bootstrap.php(75): CakePlugin::load('Admin')
#1 /opt/lampp/htdocs/modcaketwo/lib/Cake/Core/Configure.php(94): include('/opt/lampp/htdo...')
#2 /opt/lampp/htdocs/modcaketwo/lib/Cake/bootstrap.php(171): Configure::bootstrap(true)
#3 /opt/lampp/htdocs/modcaketwo/public/index.php(51): include('/opt/lampp/htdo...')
#4 {main}
2013-10-29 20:37:22 Error: [MissingPluginException] Plugin Admin could not be found.
Exception Attributes: array (
  'plugin' => 'Admin',
)
Stack Trace:
#0 /opt/lampp/htdocs/modcaketwo/app/Config/bootstrap.php(75): CakePlugin::load('Admin')
#1 /opt/lampp/htdocs/modcaketwo/lib/Cake/Core/Configure.php(94): include('/opt/lampp/htdo...')
#2 /opt/lampp/htdocs/modcaketwo/lib/Cake/bootstrap.php(171): Configure::bootstrap(true)
#3 /opt/lampp/htdocs/modcaketwo/public/index.php(51): include('/opt/lampp/htdo...')
#4 {main}
2013-10-29 20:37:23 Error: [MissingPluginException] Plugin Admin could not be found.
Exception Attributes: array (
  'plugin' => 'Admin',
)
Stack Trace:
#0 /opt/lampp/htdocs/modcaketwo/app/Config/bootstrap.php(75): CakePlugin::load('Admin')
#1 /opt/lampp/htdocs/modcaketwo/lib/Cake/Core/Configure.php(94): include('/opt/lampp/htdo...')
#2 /opt/lampp/htdocs/modcaketwo/lib/Cake/bootstrap.php(171): Configure::bootstrap(true)
#3 /opt/lampp/htdocs/modcaketwo/public/index.php(51): include('/opt/lampp/htdo...')
#4 {main}
2013-10-29 20:37:23 Error: [MissingPluginException] Plugin Admin could not be found.
Exception Attributes: array (
  'plugin' => 'Admin',
)
Stack Trace:
#0 /opt/lampp/htdocs/modcaketwo/app/Config/bootstrap.php(75): CakePlugin::load('Admin')
#1 /opt/lampp/htdocs/modcaketwo/lib/Cake/Core/Configure.php(94): include('/opt/lampp/htdo...')
#2 /opt/lampp/htdocs/modcaketwo/lib/Cake/bootstrap.php(171): Configure::bootstrap(true)
#3 /opt/lampp/htdocs/modcaketwo/public/index.php(51): include('/opt/lampp/htdo...')
#4 {main}
2013-10-29 20:37:23 Error: [MissingPluginException] Plugin Admin could not be found.
Exception Attributes: array (
  'plugin' => 'Admin',
)
Stack Trace:
#0 /opt/lampp/htdocs/modcaketwo/app/Config/bootstrap.php(75): CakePlugin::load('Admin')
#1 /opt/lampp/htdocs/modcaketwo/lib/Cake/Core/Configure.php(94): include('/opt/lampp/htdo...')
#2 /opt/lampp/htdocs/modcaketwo/lib/Cake/bootstrap.php(171): Configure::bootstrap(true)
#3 /opt/lampp/htdocs/modcaketwo/public/index.php(51): include('/opt/lampp/htdo...')
#4 {main}
2013-10-29 20:37:24 Error: [MissingPluginException] Plugin Admin could not be found.
Exception Attributes: array (
  'plugin' => 'Admin',
)
Stack Trace:
#0 /opt/lampp/htdocs/modcaketwo/app/Config/bootstrap.php(75): CakePlugin::load('Admin')
#1 /opt/lampp/htdocs/modcaketwo/lib/Cake/Core/Configure.php(94): include('/opt/lampp/htdo...')
#2 /opt/lampp/htdocs/modcaketwo/lib/Cake/bootstrap.php(171): Configure::bootstrap(true)
#3 /opt/lampp/htdocs/modcaketwo/public/index.php(51): include('/opt/lampp/htdo...')
#4 {main}
2013-10-29 20:38:09 Error: [MissingControllerException] Controller class AdminController could not be found.
Exception Attributes: array (
  'class' => 'AdminController',
  'plugin' => 'Admin',
)
Request URL: /admin
Stack Trace:
#0 /opt/lampp/htdocs/modcaketwo/public/index.php(67): Dispatcher->dispatch(Object(CakeRequest), Object(CakeResponse))
#1 {main}
2013-10-29 20:38:12 Error: [MissingControllerException] Controller class AdminController could not be found.
Exception Attributes: array (
  'class' => 'AdminController',
  'plugin' => 'Admin',
)
Request URL: /admin
Stack Trace:
#0 /opt/lampp/htdocs/modcaketwo/public/index.php(67): Dispatcher->dispatch(Object(CakeRequest), Object(CakeResponse))
#1 {main}
2013-10-29 20:38:12 Error: [MissingControllerException] Controller class Favicon.icoController could not be found.
Exception Attributes: array (
  'class' => 'Favicon.icoController',
  'plugin' => NULL,
)
Request URL: /favicon.ico
Stack Trace:
#0 /opt/lampp/htdocs/modcaketwo/public/index.php(67): Dispatcher->dispatch(Object(CakeRequest), Object(CakeResponse))
#1 {main}
2013-10-29 20:38:13 Error: [MissingControllerException] Controller class Favicon.icoController could not be found.
Exception Attributes: array (
  'class' => 'Favicon.icoController',
  'plugin' => NULL,
)
Request URL: /favicon.ico
Stack Trace:
#0 /opt/lampp/htdocs/modcaketwo/public/index.php(67): Dispatcher->dispatch(Object(CakeRequest), Object(CakeResponse))
#1 {main}
2013-10-29 21:14:21 Error: [MissingControllerException] Controller class AdminController could not be found.
Exception Attributes: array (
  'class' => 'AdminController',
  'plugin' => 'Admin',
)
Request URL: /admin
Stack Trace:
#0 /opt/lampp/htdocs/modcaketwo/public/index.php(67): Dispatcher->dispatch(Object(CakeRequest), Object(CakeResponse))
#1 {main}
2013-10-29 21:14:22 Error: [MissingControllerException] Controller class Favicon.icoController could not be found.
Exception Attributes: array (
  'class' => 'Favicon.icoController',
  'plugin' => NULL,
)
Request URL: /favicon.ico
Stack Trace:
#0 /opt/lampp/htdocs/modcaketwo/public/index.php(67): Dispatcher->dispatch(Object(CakeRequest), Object(CakeResponse))
#1 {main}
2013-10-29 21:14:22 Error: [MissingControllerException] Controller class AdminController could not be found.
Exception Attributes: array (
  'class' => 'AdminController',
  'plugin' => 'Admin',
)
Request URL: /admin
Stack Trace:
#0 /opt/lampp/htdocs/modcaketwo/public/index.php(67): Dispatcher->dispatch(Object(CakeRequest), Object(CakeResponse))
#1 {main}
2013-10-29 21:14:23 Error: [MissingControllerException] Controller class Favicon.icoController could not be found.
Exception Attributes: array (
  'class' => 'Favicon.icoController',
  'plugin' => NULL,
)
Request URL: /favicon.ico
Stack Trace:
#0 /opt/lampp/htdocs/modcaketwo/public/index.php(67): Dispatcher->dispatch(Object(CakeRequest), Object(CakeResponse))
#1 {main}
2013-10-29 21:14:23 Error: [MissingControllerException] Controller class AdminController could not be found.
Exception Attributes: array (
  'class' => 'AdminController',
  'plugin' => 'Admin',
)
Request URL: /admin
Stack Trace:
#0 /opt/lampp/htdocs/modcaketwo/public/index.php(67): Dispatcher->dispatch(Object(CakeRequest), Object(CakeResponse))
#1 {main}
2013-10-29 21:14:23 Error: [MissingControllerException] Controller class AdminController could not be found.
Exception Attributes: array (
  'class' => 'AdminController',
  'plugin' => 'Admin',
)
Request URL: /admin
Stack Trace:
#0 /opt/lampp/htdocs/modcaketwo/public/index.php(67): Dispatcher->dispatch(Object(CakeRequest), Object(CakeResponse))
#1 {main}
2013-10-29 21:14:24 Error: [MissingControllerException] Controller class Favicon.icoController could not be found.
Exception Attributes: array (
  'class' => 'Favicon.icoController',
  'plugin' => NULL,
)
Request URL: /favicon.ico
Stack Trace:
#0 /opt/lampp/htdocs/modcaketwo/public/index.php(67): Dispatcher->dispatch(Object(CakeRequest), Object(CakeResponse))
#1 {main}
2013-10-29 21:14:24 Error: [MissingControllerException] Controller class Favicon.icoController could not be found.
Exception Attributes: array (
  'class' => 'Favicon.icoController',
  'plugin' => NULL,
)
Request URL: /favicon.ico
Stack Trace:
#0 /opt/lampp/htdocs/modcaketwo/public/index.php(67): Dispatcher->dispatch(Object(CakeRequest), Object(CakeResponse))
#1 {main}
2013-10-29 21:14:24 Error: [MissingControllerException] Controller class AdminController could not be found.
Exception Attributes: array (
  'class' => 'AdminController',
  'plugin' => 'Admin',
)
Request URL: /admin
Stack Trace:
#0 /opt/lampp/htdocs/modcaketwo/public/index.php(67): Dispatcher->dispatch(Object(CakeRequest), Object(CakeResponse))
#1 {main}
2013-10-29 21:14:24 Error: [MissingControllerException] Controller class AdminController could not be found.
Exception Attributes: array (
  'class' => 'AdminController',
  'plugin' => 'Admin',
)
Request URL: /admin
Stack Trace:
#0 /opt/lampp/htdocs/modcaketwo/public/index.php(67): Dispatcher->dispatch(Object(CakeRequest), Object(CakeResponse))
#1 {main}
2013-10-29 21:14:24 Error: [MissingControllerException] Controller class Favicon.icoController could not be found.
Exception Attributes: array (
  'class' => 'Favicon.icoController',
  'plugin' => NULL,
)
Request URL: /favicon.ico
Stack Trace:
#0 /opt/lampp/htdocs/modcaketwo/public/index.php(67): Dispatcher->dispatch(Object(CakeRequest), Object(CakeResponse))
#1 {main}
2013-10-29 21:14:25 Error: [MissingControllerException] Controller class AdminController could not be found.
Exception Attributes: array (
  'class' => 'AdminController',
  'plugin' => 'Admin',
)
Request URL: /admin
Stack Trace:
#0 /opt/lampp/htdocs/modcaketwo/public/index.php(67): Dispatcher->dispatch(Object(CakeRequest), Object(CakeResponse))
#1 {main}
2013-10-29 21:14:25 Error: [MissingControllerException] Controller class Favicon.icoController could not be found.
Exception Attributes: array (
  'class' => 'Favicon.icoController',
  'plugin' => NULL,
)
Request URL: /favicon.ico
Stack Trace:
#0 /opt/lampp/htdocs/modcaketwo/public/index.php(67): Dispatcher->dispatch(Object(CakeRequest), Object(CakeResponse))
#1 {main}
2013-10-29 21:14:25 Error: [MissingControllerException] Controller class AdminController could not be found.
Exception Attributes: array (
  'class' => 'AdminController',
  'plugin' => 'Admin',
)
Request URL: /admin
Stack Trace:
#0 /opt/lampp/htdocs/modcaketwo/public/index.php(67): Dispatcher->dispatch(Object(CakeRequest), Object(CakeResponse))
#1 {main}
2013-10-29 21:14:25 Error: [MissingControllerException] Controller class Favicon.icoController could not be found.
Exception Attributes: array (
  'class' => 'Favicon.icoController',
  'plugin' => NULL,
)
Request URL: /favicon.ico
Stack Trace:
#0 /opt/lampp/htdocs/modcaketwo/public/index.php(67): Dispatcher->dispatch(Object(CakeRequest), Object(CakeResponse))
#1 {main}
2013-10-29 21:14:26 Error: [MissingControllerException] Controller class Favicon.icoController could not be found.
Exception Attributes: array (
  'class' => 'Favicon.icoController',
  'plugin' => NULL,
)
Request URL: /favicon.ico
Stack Trace:
#0 /opt/lampp/htdocs/modcaketwo/public/index.php(67): Dispatcher->dispatch(Object(CakeRequest), Object(CakeResponse))
#1 {main}
2013-10-29 21:15:30 Error: [MissingControllerException] Controller class AdminController could not be found.
Exception Attributes: array (
  'class' => 'AdminController',
  'plugin' => 'Admin',
)
Request URL: /admin
Stack Trace:
#0 /opt/lampp/htdocs/modcaketwo/public/index.php(67): Dispatcher->dispatch(Object(CakeRequest), Object(CakeResponse))
#1 {main}
2013-10-29 21:15:30 Error: [MissingControllerException] Controller class Favicon.icoController could not be found.
Exception Attributes: array (
  'class' => 'Favicon.icoController',
  'plugin' => NULL,
)
Request URL: /favicon.ico
Stack Trace:
#0 /opt/lampp/htdocs/modcaketwo/public/index.php(67): Dispatcher->dispatch(Object(CakeRequest), Object(CakeResponse))
#1 {main}
2013-10-29 21:18:04 Error: [MissingViewException] View file "/opt/lampp/htdocs/modcaketwo/app/Plugin/Admin/View/Admin/index.ctp" is missing.
Exception Attributes: array (
  'file' => '/opt/lampp/htdocs/modcaketwo/app/Plugin/Admin/View/Admin/index.ctp',
)
Request URL: /admin
Stack Trace:
#0 /opt/lampp/htdocs/modcaketwo/lib/Cake/View/View.php(468): View->_getViewFileName(NULL)
#1 /opt/lampp/htdocs/modcaketwo/lib/Cake/Controller/Controller.php(948): View->render(NULL, NULL)
#2 /opt/lampp/htdocs/modcaketwo/lib/Cake/Routing/Dispatcher.php(194): Controller->render()
#3 /opt/lampp/htdocs/modcaketwo/lib/Cake/Routing/Dispatcher.php(162): Dispatcher->_invoke(Object(AdminController), Object(CakeRequest), Object(CakeResponse))
#4 /opt/lampp/htdocs/modcaketwo/public/index.php(67): Dispatcher->dispatch(Object(CakeRequest), Object(CakeResponse))
#5 {main}
2013-10-29 21:18:06 Error: [MissingControllerException] Controller class Favicon.icoController could not be found.
Exception Attributes: array (
  'class' => 'Favicon.icoController',
  'plugin' => NULL,
)
Request URL: /favicon.ico
Stack Trace:
#0 /opt/lampp/htdocs/modcaketwo/public/index.php(67): Dispatcher->dispatch(Object(CakeRequest), Object(CakeResponse))
#1 {main}
2013-10-29 21:22:29 Error: [MissingViewException] View file "/opt/lampp/htdocs/modcaketwo/app/Plugin/Admin/View/Admin/index.ctp" is missing.
Exception Attributes: array (
  'file' => '/opt/lampp/htdocs/modcaketwo/app/Plugin/Admin/View/Admin/index.ctp',
)
Request URL: /admin
Stack Trace:
#0 /opt/lampp/htdocs/modcaketwo/lib/Cake/View/View.php(468): View->_getViewFileName(NULL)
#1 /opt/lampp/htdocs/modcaketwo/lib/Cake/Controller/Controller.php(948): View->render(NULL, NULL)
#2 /opt/lampp/htdocs/modcaketwo/lib/Cake/Routing/Dispatcher.php(194): Controller->render()
#3 /opt/lampp/htdocs/modcaketwo/lib/Cake/Routing/Dispatcher.php(162): Dispatcher->_invoke(Object(AdminController), Object(CakeRequest), Object(CakeResponse))
#4 /opt/lampp/htdocs/modcaketwo/public/index.php(67): Dispatcher->dispatch(Object(CakeRequest), Object(CakeResponse))
#5 {main}
2013-10-29 21:22:31 Error: [MissingControllerException] Controller class Favicon.icoController could not be found.
Exception Attributes: array (
  'class' => 'Favicon.icoController',
  'plugin' => NULL,
)
Request URL: /favicon.ico
Stack Trace:
#0 /opt/lampp/htdocs/modcaketwo/public/index.php(67): Dispatcher->dispatch(Object(CakeRequest), Object(CakeResponse))
#1 {main}
2013-10-29 21:22:50 Error: [MissingControllerException] Controller class Favicon.icoController could not be found.
Exception Attributes: array (
  'class' => 'Favicon.icoController',
  'plugin' => NULL,
)
Request URL: /favicon.ico
Stack Trace:
#0 /opt/lampp/htdocs/modcaketwo/public/index.php(67): Dispatcher->dispatch(Object(CakeRequest), Object(CakeResponse))
#1 {main}
2013-10-29 21:26:34 Error: [MissingControllerException] Controller class Favicon.icoController could not be found.
Exception Attributes: array (
  'class' => 'Favicon.icoController',
  'plugin' => NULL,
)
Request URL: /favicon.ico
Stack Trace:
#0 /opt/lampp/htdocs/modcaketwo/public/index.php(67): Dispatcher->dispatch(Object(CakeRequest), Object(CakeResponse))
#1 {main}
2013-10-29 21:55:08 Error: [MissingControllerException] Controller class Favicon.icoController could not be found.
Exception Attributes: array (
  'class' => 'Favicon.icoController',
  'plugin' => NULL,
)
Request URL: /favicon.ico
Stack Trace:
#0 /opt/lampp/htdocs/modcaketwo/public/index.php(67): Dispatcher->dispatch(Object(CakeRequest), Object(CakeResponse))
#1 {main}
2013-10-29 22:06:50 Error: [MissingControllerException] Controller class Favicon.icoController could not be found.
Exception Attributes: array (
  'class' => 'Favicon.icoController',
  'plugin' => NULL,
)
Request URL: /favicon.ico
Stack Trace:
#0 /opt/lampp/htdocs/modcaketwo/public/index.php(67): Dispatcher->dispatch(Object(CakeRequest), Object(CakeResponse))
#1 {main}
2013-10-29 22:06:53 Error: [MissingControllerException] Controller class Favicon.icoController could not be found.
Exception Attributes: array (
  'class' => 'Favicon.icoController',
  'plugin' => NULL,
)
Request URL: /favicon.ico
Stack Trace:
#0 /opt/lampp/htdocs/modcaketwo/public/index.php(67): Dispatcher->dispatch(Object(CakeRequest), Object(CakeResponse))
#1 {main}
2013-10-29 22:06:54 Error: [MissingControllerException] Controller class Favicon.icoController could not be found.
Exception Attributes: array (
  'class' => 'Favicon.icoController',
  'plugin' => NULL,
)
Request URL: /favicon.ico
Stack Trace:
#0 /opt/lampp/htdocs/modcaketwo/public/index.php(67): Dispatcher->dispatch(Object(CakeRequest), Object(CakeResponse))
#1 {main}
2013-10-29 22:07:09 Error: [MissingLayoutException] Layout file "/opt/lampp/htdocs/modcaketwo/app/View/Plugin/Admin/Layouts/layout.ctp" is missing.
Exception Attributes: array (
  'file' => '/opt/lampp/htdocs/modcaketwo/app/View/Plugin/Admin/Layouts/layout.ctp',
)
Request URL: /admin
Stack Trace:
#0 /opt/lampp/htdocs/modcaketwo/lib/Cake/View/View.php(509): View->_getLayoutFileName('Admin.layout')
#1 /opt/lampp/htdocs/modcaketwo/lib/Cake/View/View.php(479): View->renderLayout('', 'Admin.layout')
#2 /opt/lampp/htdocs/modcaketwo/lib/Cake/Controller/Controller.php(948): View->render(NULL, NULL)
#3 /opt/lampp/htdocs/modcaketwo/lib/Cake/Routing/Dispatcher.php(194): Controller->render()
#4 /opt/lampp/htdocs/modcaketwo/lib/Cake/Routing/Dispatcher.php(162): Dispatcher->_invoke(Object(AdminController), Object(CakeRequest), Object(CakeResponse))
#5 /opt/lampp/htdocs/modcaketwo/public/index.php(67): Dispatcher->dispatch(Object(CakeRequest), Object(CakeResponse))
#6 {main}
2013-10-29 22:07:10 Error: [MissingControllerException] Controller class Favicon.icoController could not be found.
Exception Attributes: array (
  'class' => 'Favicon.icoController',
  'plugin' => NULL,
)
Request URL: /favicon.ico
Stack Trace:
#0 /opt/lampp/htdocs/modcaketwo/public/index.php(67): Dispatcher->dispatch(Object(CakeRequest), Object(CakeResponse))
#1 {main}
2013-10-29 22:07:34 Error: [MissingControllerException] Controller class Favicon.icoController could not be found.
Exception Attributes: array (
  'class' => 'Favicon.icoController',
  'plugin' => NULL,
)
Request URL: /favicon.ico
Stack Trace:
#0 /opt/lampp/htdocs/modcaketwo/public/index.php(67): Dispatcher->dispatch(Object(CakeRequest), Object(CakeResponse))
#1 {main}
2013-10-29 22:12:44 Error: [MissingControllerException] Controller class Favicon.icoController could not be found.
Exception Attributes: array (
  'class' => 'Favicon.icoController',
  'plugin' => NULL,
)
Request URL: /favicon.ico
Stack Trace:
#0 /opt/lampp/htdocs/modcaketwo/public/index.php(67): Dispatcher->dispatch(Object(CakeRequest), Object(CakeResponse))
#1 {main}
2013-10-29 22:14:22 Error: [MissingControllerException] Controller class Favicon.icoController could not be found.
Exception Attributes: array (
  'class' => 'Favicon.icoController',
  'plugin' => NULL,
)
Request URL: /favicon.ico
Stack Trace:
#0 /opt/lampp/htdocs/modcaketwo/public/index.php(67): Dispatcher->dispatch(Object(CakeRequest), Object(CakeResponse))
#1 {main}
2013-10-29 22:15:29 Error: [MissingControllerException] Controller class Favicon.icoController could not be found.
Exception Attributes: array (
  'class' => 'Favicon.icoController',
  'plugin' => NULL,
)
Request URL: /favicon.ico
Stack Trace:
#0 /opt/lampp/htdocs/modcaketwo/public/index.php(67): Dispatcher->dispatch(Object(CakeRequest), Object(CakeResponse))
#1 {main}
2013-10-29 22:15:30 Error: [MissingControllerException] Controller class Favicon.icoController could not be found.
Exception Attributes: array (
  'class' => 'Favicon.icoController',
  'plugin' => NULL,
)
Request URL: /favicon.ico
Stack Trace:
#0 /opt/lampp/htdocs/modcaketwo/public/index.php(67): Dispatcher->dispatch(Object(CakeRequest), Object(CakeResponse))
#1 {main}
2013-10-29 22:15:31 Error: [MissingControllerException] Controller class Favicon.icoController could not be found.
Exception Attributes: array (
  'class' => 'Favicon.icoController',
  'plugin' => NULL,
)
Request URL: /favicon.ico
Stack Trace:
#0 /opt/lampp/htdocs/modcaketwo/public/index.php(67): Dispatcher->dispatch(Object(CakeRequest), Object(CakeResponse))
#1 {main}
2013-10-29 22:18:26 Error: [MissingControllerException] Controller class Favicon.icoController could not be found.
Exception Attributes: array (
  'class' => 'Favicon.icoController',
  'plugin' => NULL,
)
Request URL: /favicon.ico
Stack Trace:
#0 /opt/lampp/htdocs/modcaketwo/public/index.php(67): Dispatcher->dispatch(Object(CakeRequest), Object(CakeResponse))
#1 {main}
2013-10-29 22:18:45 Error: [MissingControllerException] Controller class Favicon.icoController could not be found.
Exception Attributes: array (
  'class' => 'Favicon.icoController',
  'plugin' => NULL,
)
Request URL: /favicon.ico
Stack Trace:
#0 /opt/lampp/htdocs/modcaketwo/public/index.php(67): Dispatcher->dispatch(Object(CakeRequest), Object(CakeResponse))
#1 {main}
2013-10-29 22:18:53 Error: [MissingControllerException] Controller class Favicon.icoController could not be found.
Exception Attributes: array (
  'class' => 'Favicon.icoController',
  'plugin' => NULL,
)
Request URL: /favicon.ico
Stack Trace:
#0 /opt/lampp/htdocs/modcaketwo/public/index.php(67): Dispatcher->dispatch(Object(CakeRequest), Object(CakeResponse))
#1 {main}
2013-10-29 22:19:01 Error: [MissingControllerException] Controller class Favicon.icoController could not be found.
Exception Attributes: array (
  'class' => 'Favicon.icoController',
  'plugin' => NULL,
)
Request URL: /favicon.ico
Stack Trace:
#0 /opt/lampp/htdocs/modcaketwo/public/index.php(67): Dispatcher->dispatch(Object(CakeRequest), Object(CakeResponse))
#1 {main}
2013-10-29 22:19:04 Error: [MissingControllerException] Controller class Favicon.icoController could not be found.
Exception Attributes: array (
  'class' => 'Favicon.icoController',
  'plugin' => NULL,
)
Request URL: /favicon.ico
Stack Trace:
#0 /opt/lampp/htdocs/modcaketwo/public/index.php(67): Dispatcher->dispatch(Object(CakeRequest), Object(CakeResponse))
#1 {main}
2013-10-29 22:20:08 Error: [MissingControllerException] Controller class Favicon.icoController could not be found.
Exception Attributes: array (
  'class' => 'Favicon.icoController',
  'plugin' => NULL,
)
Request URL: /favicon.ico
Stack Trace:
#0 /opt/lampp/htdocs/modcaketwo/public/index.php(67): Dispatcher->dispatch(Object(CakeRequest), Object(CakeResponse))
#1 {main}
2013-10-29 22:20:09 Error: [MissingControllerException] Controller class Favicon.icoController could not be found.
Exception Attributes: array (
  'class' => 'Favicon.icoController',
  'plugin' => NULL,
)
Request URL: /favicon.ico
Stack Trace:
#0 /opt/lampp/htdocs/modcaketwo/public/index.php(67): Dispatcher->dispatch(Object(CakeRequest), Object(CakeResponse))
#1 {main}
2013-10-29 22:20:09 Error: [MissingControllerException] Controller class Favicon.icoController could not be found.
Exception Attributes: array (
  'class' => 'Favicon.icoController',
  'plugin' => NULL,
)
Request URL: /favicon.ico
Stack Trace:
#0 /opt/lampp/htdocs/modcaketwo/public/index.php(67): Dispatcher->dispatch(Object(CakeRequest), Object(CakeResponse))
#1 {main}
2013-10-29 22:20:10 Error: [MissingControllerException] Controller class Favicon.icoController could not be found.
Exception Attributes: array (
  'class' => 'Favicon.icoController',
  'plugin' => NULL,
)
Request URL: /favicon.ico
Stack Trace:
#0 /opt/lampp/htdocs/modcaketwo/public/index.php(67): Dispatcher->dispatch(Object(CakeRequest), Object(CakeResponse))
#1 {main}
2013-10-29 22:20:23 Error: [MissingControllerException] Controller class Favicon.icoController could not be found.
Exception Attributes: array (
  'class' => 'Favicon.icoController',
  'plugin' => NULL,
)
Request URL: /favicon.ico
Stack Trace:
#0 /opt/lampp/htdocs/modcaketwo/public/index.php(67): Dispatcher->dispatch(Object(CakeRequest), Object(CakeResponse))
#1 {main}
2013-10-29 22:22:44 Error: [MissingControllerException] Controller class Favicon.icoController could not be found.
Exception Attributes: array (
  'class' => 'Favicon.icoController',
  'plugin' => NULL,
)
Request URL: /favicon.ico
Stack Trace:
#0 /opt/lampp/htdocs/modcaketwo/public/index.php(67): Dispatcher->dispatch(Object(CakeRequest), Object(CakeResponse))
#1 {main}
2013-10-29 22:24:44 Error: [MissingControllerException] Controller class Favicon.icoController could not be found.
Exception Attributes: array (
  'class' => 'Favicon.icoController',
  'plugin' => NULL,
)
Request URL: /favicon.ico
Stack Trace:
#0 /opt/lampp/htdocs/modcaketwo/public/index.php(67): Dispatcher->dispatch(Object(CakeRequest), Object(CakeResponse))
#1 {main}
2013-10-29 22:24:59 Error: [MissingControllerException] Controller class Favicon.icoController could not be found.
Exception Attributes: array (
  'class' => 'Favicon.icoController',
  'plugin' => NULL,
)
Request URL: /favicon.ico
Stack Trace:
#0 /opt/lampp/htdocs/modcaketwo/public/index.php(67): Dispatcher->dispatch(Object(CakeRequest), Object(CakeResponse))
#1 {main}
2013-10-29 22:25:01 Error: [MissingControllerException] Controller class Favicon.icoController could not be found.
Exception Attributes: array (
  'class' => 'Favicon.icoController',
  'plugin' => NULL,
)
Request URL: /favicon.ico
Stack Trace:
#0 /opt/lampp/htdocs/modcaketwo/public/index.php(67): Dispatcher->dispatch(Object(CakeRequest), Object(CakeResponse))
#1 {main}
2013-10-29 22:25:04 Error: [MissingControllerException] Controller class Favicon.icoController could not be found.
Exception Attributes: array (
  'class' => 'Favicon.icoController',
  'plugin' => NULL,
)
Request URL: /favicon.ico
Stack Trace:
#0 /opt/lampp/htdocs/modcaketwo/public/index.php(67): Dispatcher->dispatch(Object(CakeRequest), Object(CakeResponse))
#1 {main}
2013-10-29 22:25:08 Error: [MissingControllerException] Controller class Favicon.icoController could not be found.
Exception Attributes: array (
  'class' => 'Favicon.icoController',
  'plugin' => NULL,
)
Request URL: /favicon.ico
Stack Trace:
#0 /opt/lampp/htdocs/modcaketwo/public/index.php(67): Dispatcher->dispatch(Object(CakeRequest), Object(CakeResponse))
#1 {main}
2013-10-29 22:26:37 Error: [MissingControllerException] Controller class Favicon.icoController could not be found.
Exception Attributes: array (
  'class' => 'Favicon.icoController',
  'plugin' => NULL,
)
Request URL: /favicon.ico
Stack Trace:
#0 /opt/lampp/htdocs/modcaketwo/public/index.php(67): Dispatcher->dispatch(Object(CakeRequest), Object(CakeResponse))
#1 {main}
2013-10-29 22:27:17 Error: [MissingControllerException] Controller class Favicon.icoController could not be found.
Exception Attributes: array (
  'class' => 'Favicon.icoController',
  'plugin' => NULL,
)
Request URL: /favicon.ico
Stack Trace:
#0 /opt/lampp/htdocs/modcaketwo/public/index.php(67): Dispatcher->dispatch(Object(CakeRequest), Object(CakeResponse))
#1 {main}
2013-10-29 22:27:25 Error: [MissingControllerException] Controller class Favicon.icoController could not be found.
Exception Attributes: array (
  'class' => 'Favicon.icoController',
  'plugin' => NULL,
)
Request URL: /favicon.ico
Stack Trace:
#0 /opt/lampp/htdocs/modcaketwo/public/index.php(67): Dispatcher->dispatch(Object(CakeRequest), Object(CakeResponse))
#1 {main}
2013-10-29 22:27:26 Error: [MissingControllerException] Controller class Favicon.icoController could not be found.
Exception Attributes: array (
  'class' => 'Favicon.icoController',
  'plugin' => NULL,
)
Request URL: /favicon.ico
Stack Trace:
#0 /opt/lampp/htdocs/modcaketwo/public/index.php(67): Dispatcher->dispatch(Object(CakeRequest), Object(CakeResponse))
#1 {main}
2013-10-29 22:27:34 Error: [MissingControllerException] Controller class Favicon.icoController could not be found.
Exception Attributes: array (
  'class' => 'Favicon.icoController',
  'plugin' => NULL,
)
Request URL: /favicon.ico
Stack Trace:
#0 /opt/lampp/htdocs/modcaketwo/public/index.php(67): Dispatcher->dispatch(Object(CakeRequest), Object(CakeResponse))
#1 {main}
2013-10-29 22:27:34 Error: [MissingControllerException] Controller class Favicon.icoController could not be found.
Exception Attributes: array (
  'class' => 'Favicon.icoController',
  'plugin' => NULL,
)
Request URL: /favicon.ico
Stack Trace:
#0 /opt/lampp/htdocs/modcaketwo/public/index.php(67): Dispatcher->dispatch(Object(CakeRequest), Object(CakeResponse))
#1 {main}
2013-10-29 22:27:35 Error: [MissingControllerException] Controller class Favicon.icoController could not be found.
Exception Attributes: array (
  'class' => 'Favicon.icoController',
  'plugin' => NULL,
)
Request URL: /favicon.ico
Stack Trace:
#0 /opt/lampp/htdocs/modcaketwo/public/index.php(67): Dispatcher->dispatch(Object(CakeRequest), Object(CakeResponse))
#1 {main}
2013-10-29 22:27:36 Error: [MissingControllerException] Controller class Favicon.icoController could not be found.
Exception Attributes: array (
  'class' => 'Favicon.icoController',
  'plugin' => NULL,
)
Request URL: /favicon.ico
Stack Trace:
#0 /opt/lampp/htdocs/modcaketwo/public/index.php(67): Dispatcher->dispatch(Object(CakeRequest), Object(CakeResponse))
#1 {main}
2013-10-29 22:28:08 Error: [MissingControllerException] Controller class Favicon.icoController could not be found.
Exception Attributes: array (
  'class' => 'Favicon.icoController',
  'plugin' => NULL,
)
Request URL: /favicon.ico
Stack Trace:
#0 /opt/lampp/htdocs/modcaketwo/public/index.php(67): Dispatcher->dispatch(Object(CakeRequest), Object(CakeResponse))
#1 {main}
2013-10-29 22:28:42 Error: [MissingControllerException] Controller class Favicon.icoController could not be found.
Exception Attributes: array (
  'class' => 'Favicon.icoController',
  'plugin' => NULL,
)
Request URL: /favicon.ico
Stack Trace:
#0 /opt/lampp/htdocs/modcaketwo/public/index.php(67): Dispatcher->dispatch(Object(CakeRequest), Object(CakeResponse))
#1 {main}
2013-10-29 22:29:25 Error: [MissingControllerException] Controller class Favicon.icoController could not be found.
Exception Attributes: array (
  'class' => 'Favicon.icoController',
  'plugin' => NULL,
)
Request URL: /favicon.ico
Stack Trace:
#0 /opt/lampp/htdocs/modcaketwo/public/index.php(67): Dispatcher->dispatch(Object(CakeRequest), Object(CakeResponse))
#1 {main}
2013-10-29 22:29:26 Error: [MissingControllerException] Controller class Favicon.icoController could not be found.
Exception Attributes: array (
  'class' => 'Favicon.icoController',
  'plugin' => NULL,
)
Request URL: /favicon.ico
Stack Trace:
#0 /opt/lampp/htdocs/modcaketwo/public/index.php(67): Dispatcher->dispatch(Object(CakeRequest), Object(CakeResponse))
#1 {main}
2013-10-29 22:29:41 Error: [MissingControllerException] Controller class Favicon.icoController could not be found.
Exception Attributes: array (
  'class' => 'Favicon.icoController',
  'plugin' => NULL,
)
Request URL: /favicon.ico
Stack Trace:
#0 /opt/lampp/htdocs/modcaketwo/public/index.php(67): Dispatcher->dispatch(Object(CakeRequest), Object(CakeResponse))
#1 {main}
2013-10-29 22:29:43 Error: [MissingControllerException] Controller class Favicon.icoController could not be found.
Exception Attributes: array (
  'class' => 'Favicon.icoController',
  'plugin' => NULL,
)
Request URL: /favicon.ico
Stack Trace:
#0 /opt/lampp/htdocs/modcaketwo/public/index.php(67): Dispatcher->dispatch(Object(CakeRequest), Object(CakeResponse))
#1 {main}
2013-10-29 22:29:44 Error: [MissingControllerException] Controller class Favicon.icoController could not be found.
Exception Attributes: array (
  'class' => 'Favicon.icoController',
  'plugin' => NULL,
)
Request URL: /favicon.ico
Stack Trace:
#0 /opt/lampp/htdocs/modcaketwo/public/index.php(67): Dispatcher->dispatch(Object(CakeRequest), Object(CakeResponse))
#1 {main}
2013-10-29 22:30:01 Error: [MissingControllerException] Controller class Favicon.icoController could not be found.
Exception Attributes: array (
  'class' => 'Favicon.icoController',
  'plugin' => NULL,
)
Request URL: /favicon.ico
Stack Trace:
#0 /opt/lampp/htdocs/modcaketwo/public/index.php(67): Dispatcher->dispatch(Object(CakeRequest), Object(CakeResponse))
#1 {main}
2013-10-29 22:32:28 Error: [MissingControllerException] Controller class Favicon.icoController could not be found.
Exception Attributes: array (
  'class' => 'Favicon.icoController',
  'plugin' => NULL,
)
Request URL: /favicon.ico
Stack Trace:
#0 /opt/lampp/htdocs/modcaketwo/public/index.php(67): Dispatcher->dispatch(Object(CakeRequest), Object(CakeResponse))
#1 {main}
2013-10-29 22:32:55 Error: [MissingControllerException] Controller class Favicon.icoController could not be found.
Exception Attributes: array (
  'class' => 'Favicon.icoController',
  'plugin' => NULL,
)
Request URL: /favicon.ico
Stack Trace:
#0 /opt/lampp/htdocs/modcaketwo/public/index.php(67): Dispatcher->dispatch(Object(CakeRequest), Object(CakeResponse))
#1 {main}
2013-10-29 22:32:56 Error: [MissingControllerException] Controller class Favicon.icoController could not be found.
Exception Attributes: array (
  'class' => 'Favicon.icoController',
  'plugin' => NULL,
)
Request URL: /favicon.ico
Stack Trace:
#0 /opt/lampp/htdocs/modcaketwo/public/index.php(67): Dispatcher->dispatch(Object(CakeRequest), Object(CakeResponse))
#1 {main}
2013-10-29 22:34:48 Error: [MissingControllerException] Controller class Favicon.icoController could not be found.
Exception Attributes: array (
  'class' => 'Favicon.icoController',
  'plugin' => NULL,
)
Request URL: /favicon.ico
Stack Trace:
#0 /opt/lampp/htdocs/modcaketwo/public/index.php(67): Dispatcher->dispatch(Object(CakeRequest), Object(CakeResponse))
#1 {main}
2013-10-29 22:35:09 Error: [MissingControllerException] Controller class Favicon.icoController could not be found.
Exception Attributes: array (
  'class' => 'Favicon.icoController',
  'plugin' => NULL,
)
Request URL: /favicon.ico
Stack Trace:
#0 /opt/lampp/htdocs/modcaketwo/public/index.php(67): Dispatcher->dispatch(Object(CakeRequest), Object(CakeResponse))
#1 {main}
2013-10-29 22:35:29 Error: [MissingControllerException] Controller class Favicon.icoController could not be found.
Exception Attributes: array (
  'class' => 'Favicon.icoController',
  'plugin' => NULL,
)
Request URL: /favicon.ico
Stack Trace:
#0 /opt/lampp/htdocs/modcaketwo/public/index.php(67): Dispatcher->dispatch(Object(CakeRequest), Object(CakeResponse))
#1 {main}
2013-10-29 22:35:37 Error: [MissingControllerException] Controller class Favicon.icoController could not be found.
Exception Attributes: array (
  'class' => 'Favicon.icoController',
  'plugin' => NULL,
)
Request URL: /favicon.ico
Stack Trace:
#0 /opt/lampp/htdocs/modcaketwo/public/index.php(67): Dispatcher->dispatch(Object(CakeRequest), Object(CakeResponse))
#1 {main}
